[17:08:09] Eit0_ (dd60f8ae-d292-3b52-acb2-c861c0758805): ??????
[17:08:13] Cocodjambo (3cc42df8-22d6-3c1f-b277-69b3926f6e43): ??
[17:08:15] Cocodjambo (3cc42df8-22d6-3c1f-b277-69b3926f6e43): ??
[17:08:21] Eit0_ (dd60f8ae-d292-3b52-acb2-c861c0758805): ????, ??
[17:10:10] Cocodjambo (3cc42df8-22d6-3c1f-b277-69b3926f6e43): ? ?? ???????
[17:14:53] Eit0_ (dd60f8ae-d292-3b52-acb2-c861c0758805): ???-?, ?????? ???????????? ???
[17:14:58] Eit0_ (dd60f8ae-d292-3b52-acb2-c861c0758805): ????? ???? ?????? ?????????
[17:15:03] Cocodjambo (3cc42df8-22d6-3c1f-b277-69b3926f6e43): ????
[17:18:38] Cocodjambo (3cc42df8-22d6-3c1f-b277-69b3926f6e43): ? ???
[17:18:42] Eit0_ (dd60f8ae-d292-3b52-acb2-c861c0758805): ???????
[17:18:47] Cocodjambo (3cc42df8-22d6-3c1f-b277-69b3926f6e43): ????? ? ???? ???????
[17:18:48] Eit0_ (dd60f8ae-d292-3b52-acb2-c861c0758805): ???? ???? ?????????, ????? ????
[17:18:53] Eit0_ (dd60f8ae-d292-3b52-acb2-c861c0758805): ??? ?????????, ??? ?? ?????????
[17:18:57] Eit0_ (dd60f8ae-d292-3b52-acb2-c861c0758805): ???
[17:19:00] Cocodjambo (3cc42df8-22d6-3c1f-b277-69b3926f6e43): ?? ????
[17:19:07] Cocodjambo (3cc42df8-22d6-3c1f-b277-69b3926f6e43): ?????? ?? ??????
[17:19:25] Cocodjambo (3cc42df8-22d6-3c1f-b277-69b3926f6e43): ? ??????? ????? ????? ??????
[17:19:38] Eit0_ (dd60f8ae-d292-3b52-acb2-c861c0758805): ? ???????? 2
[17:19:40] Eit0_ (dd60f8ae-d292-3b52-acb2-c861c0758805): ?? ??? ?????
[17:19:44] Cocodjambo (3cc42df8-22d6-3c1f-b277-69b3926f6e43): ??
[17:19:53] Cocodjambo (3cc42df8-22d6-3c1f-b277-69b3926f6e43): 2
[17:20:02] Cocodjambo (3cc42df8-22d6-3c1f-b277-69b3926f6e43): ??????? ? ???????
[17:20:22] Eit0_ (dd60f8ae-d292-3b52-acb2-c861c0758805): ????
[17:20:36] Eit0_ (dd60f8ae-d292-3b52-acb2-c861c0758805): ????? ??? ???? ?????
[17:20:57] Cocodjambo (3cc42df8-22d6-3c1f-b277-69b3926f6e43): ???? ???????, ????????? ?? ????? ????? ??? ????? ????, ???????? ???????
[17:21:22] Eit0_ (dd60f8ae-d292-3b52-acb2-c861c0758805): ??? ?????? 80 ??????
[17:21:24] Cocodjambo (3cc42df8-22d6-3c1f-b277-69b3926f6e43): ?????? ????? ?????? ????? ????-?? ? ?????? ????? ? ?????
[17:22:03] Eit0_ (dd60f8ae-d292-3b52-acb2-c861c0758805): ??? ?? ????????
[17:22:18] Cocodjambo (3cc42df8-22d6-3c1f-b277-69b3926f6e43): ??? ???? ????
[17:22:41] Eit0_ (dd60f8ae-d292-3b52-acb2-c861c0758805): ???, ?? ???????? ???? ?????
[17:22:41] Cocodjambo (3cc42df8-22d6-3c1f-b277-69b3926f6e43): ? ??? ?? ?????? ?????
[17:23:16] Cocodjambo (3cc42df8-22d6-3c1f-b277-69b3926f6e43): ????
[17:24:02] Cocodjambo (3cc42df8-22d6-3c1f-b277-69b3926f6e43): ????, ?? ???? ????????? ??? ????????
[17:24:11] Eit0_ (dd60f8ae-d292-3b52-acb2-c861c0758805): ?? ????? ???
[17:24:18] Eit0_ (dd60f8ae-d292-3b52-acb2-c861c0758805): ??? ????? ???
[17:24:19] Eit0_ (dd60f8ae-d292-3b52-acb2-c861c0758805): ???????
[17:24:20] Cocodjambo (3cc42df8-22d6-3c1f-b277-69b3926f6e43): ? ?? ??? ? ?????? ?????
[17:24:22] Cocodjambo (3cc42df8-22d6-3c1f-b277-69b3926f6e43): ??
[17:24:50] Eit0_ (dd60f8ae-d292-3b52-acb2-c861c0758805): ???????
[17:25:51] Cocodjambo (3cc42df8-22d6-3c1f-b277-69b3926f6e43): ? ???
[17:25:52] Cocodjambo (3cc42df8-22d6-3c1f-b277-69b3926f6e43): ?????????
[17:26:03] Eit0_ (dd60f8ae-d292-3b52-acb2-c861c0758805): ?? ???? ?????????? ??????
[17:26:12] Cocodjambo (3cc42df8-22d6-3c1f-b277-69b3926f6e43): ???, ????? ?????? ????? ????
[17:27:02] Cocodjambo (3cc42df8-22d6-3c1f-b277-69b3926f6e43): Cocodjambo#2690 ?????? ? ?? ?? ? ?????? ???
[17:27:34] Eit0_ (dd60f8ae-d292-3b52-acb2-c861c0758805): ?? ???? ??? ??????
[17:27:38] Eit0_ (dd60f8ae-d292-3b52-acb2-c861c0758805): ? ? ????????? ?????? ???
[17:27:47] Eit0_ (dd60f8ae-d292-3b52-acb2-c861c0758805): ?????? ???? ? ????? ??????
[17:27:51] Cocodjambo (3cc42df8-22d6-3c1f-b277-69b3926f6e43): ? ?? ??
[17:29:08] Cocodjambo (3cc42df8-22d6-3c1f-b277-69b3926f6e43): ??
[17:30:08] Cocodjambo (3cc42df8-22d6-3c1f-b277-69b3926f6e43): ?????
[17:30:57] Eit0_ (dd60f8ae-d292-3b52-acb2-c861c0758805): ???
[17:31:05] Eit0_ (dd60f8ae-d292-3b52-acb2-c861c0758805): ??, ????? ??????? ?????????? ? ?? ????? ? ???
[17:31:14] Eit0_ (dd60f8ae-d292-3b52-acb2-c861c0758805): ???? ?????? ????????????
[17:34:43] Eit0_ (dd60f8ae-d292-3b52-acb2-c861c0758805): ??????? ????
[17:34:47] Eit0_ (dd60f8ae-d292-3b52-acb2-c861c0758805): ????? ?? 2 ????
[17:34:48] Cocodjambo (3cc42df8-22d6-3c1f-b277-69b3926f6e43): ??? ??????
[17:34:56] Eit0_ (dd60f8ae-d292-3b52-acb2-c861c0758805): ??????? ??????? ?????
[17:35:05] Cocodjambo (3cc42df8-22d6-3c1f-b277-69b3926f6e43): ?? ???, ?????? ??? ?????
[17:35:22] Cocodjambo (3cc42df8-22d6-3c1f-b277-69b3926f6e43): ??? ????? ?????? ???? ?????????
[17:35:30] Eit0_ (dd60f8ae-d292-3b52-acb2-c861c0758805): ??????
[17:35:32] Cocodjambo (3cc42df8-22d6-3c1f-b277-69b3926f6e43): ??
[17:35:39] Cocodjambo (3cc42df8-22d6-3c1f-b277-69b3926f6e43): ??? ???????
[17:35:42] Eit0_ (dd60f8ae-d292-3b52-acb2-c861c0758805): ??????? ?? ?
[17:35:52] Eit0_ (dd60f8ae-d292-3b52-acb2-c861c0758805): ????
[17:35:57] Eit0_ (dd60f8ae-d292-3b52-acb2-c861c0758805): ????? ??? ??????? ?????
[17:36:08] Cocodjambo (3cc42df8-22d6-3c1f-b277-69b3926f6e43): ??? ???? ???????
[17:36:16] Eit0_ (dd60f8ae-d292-3b52-acb2-c861c0758805): ???
[17:36:19] Eit0_ (dd60f8ae-d292-3b52-acb2-c861c0758805): ??? ???? ??????
[17:36:26] Cocodjambo (3cc42df8-22d6-3c1f-b277-69b3926f6e43): ???
[17:36:35] Eit0_ (dd60f8ae-d292-3b52-acb2-c861c0758805): ???? ?????? ????? ????????? ?? 50%
[17:36:36] Eit0_ (dd60f8ae-d292-3b52-acb2-c861c0758805): ???
[17:36:44] Eit0_ (dd60f8ae-d292-3b52-acb2-c861c0758805): ? ?????? 5? ?? ?????? ?? 100%
[17:37:10] Cocodjambo (3cc42df8-22d6-3c1f-b277-69b3926f6e43): Ah
[17:37:20] Eit0_ (dd60f8ae-d292-3b52-acb2-c861c0758805): + ? ??? ???? ???? ?????? ??????
[17:37:31] Eit0_ (dd60f8ae-d292-3b52-acb2-c861c0758805): ?? ?????? ????????? ???? ??????
[17:37:34] Eit0_ (dd60f8ae-d292-3b52-acb2-c861c0758805): ???? ????? ????
[17:37:36] Cocodjambo (3cc42df8-22d6-3c1f-b277-69b3926f6e43): ???? ??? ?? ?? ????? ????? ????????
[17:37:37] Eit0_ (dd60f8ae-d292-3b52-acb2-c861c0758805): ?? ??? ????????
[17:37:43] Eit0_ (dd60f8ae-d292-3b52-acb2-c861c0758805): ??????? ???? ?????
[17:37:47] Cocodjambo (3cc42df8-22d6-3c1f-b277-69b3926f6e43): ????? ah?
[17:37:53] Eit0_ (dd60f8ae-d292-3b52-acb2-c861c0758805): ???, ????? ???
[17:37:54] Eit0_ (dd60f8ae-d292-3b52-acb2-c861c0758805): ? ???????
[17:37:58] Cocodjambo (3cc42df8-22d6-3c1f-b277-69b3926f6e43): ? ????
[17:38:15] Eit0_ (dd60f8ae-d292-3b52-acb2-c861c0758805): ????? ????? ????? ???? ?????? ? ??????? ?????
[17:38:18] Eit0_ (dd60f8ae-d292-3b52-acb2-c861c0758805): ??? ? ???????????
[17:38:55] Cocodjambo (3cc42df8-22d6-3c1f-b277-69b3926f6e43): ???????? ????? ??? ???????? ??? ????????? ?? ???
[17:39:05] Eit0_ (dd60f8ae-d292-3b52-acb2-c861c0758805): ? ??, ??? ?? ?? ?????
[17:39:05] Cocodjambo (3cc42df8-22d6-3c1f-b277-69b3926f6e43): ?? ?? ?????? ??? ??? ??? ? ????????
[17:39:12] Eit0_ (dd60f8ae-d292-3b52-acb2-c861c0758805): ????
[17:39:14] Cocodjambo (3cc42df8-22d6-3c1f-b277-69b3926f6e43): ???
[17:39:15] Eit0_ (dd60f8ae-d292-3b52-acb2-c861c0758805): ? ??? ????? ???
[17:39:19] Cocodjambo (3cc42df8-22d6-3c1f-b277-69b3926f6e43): ???
[17:39:21] Eit0_ (dd60f8ae-d292-3b52-acb2-c861c0758805): ? ?? ???????? ?????
[17:39:28] Cocodjambo (3cc42df8-22d6-3c1f-b277-69b3926f6e43): ??????? ???????? ? ?????? ??????
[17:39:40] Cocodjambo (3cc42df8-22d6-3c1f-b277-69b3926f6e43): ????? ????? ???? ??????? ? ???? ? ???? ???? ??? ????? ?????????
[17:39:48] Eit0_ (dd60f8ae-d292-3b52-acb2-c861c0758805): ??? ???
[17:40:00] Cocodjambo (3cc42df8-22d6-3c1f-b277-69b3926f6e43): ????????
[17:40:03] Eit0_ (dd60f8ae-d292-3b52-acb2-c861c0758805): ??????? ?????? ?? ?????????
[17:40:04] Cocodjambo (3cc42df8-22d6-3c1f-b277-69b3926f6e43): ????? ?????-??
[17:40:39] Cocodjambo (3cc42df8-22d6-3c1f-b277-69b3926f6e43): ????? ????? ????????? ??? ???????? ?? ????
[17:40:42] Eit0_ (dd60f8ae-d292-3b52-acb2-c861c0758805): ?????? ? ???
[17:40:56] Cocodjambo (3cc42df8-22d6-3c1f-b277-69b3926f6e43): ??? ? ???? ??? ?????? ? ???? ??????? ??????
[17:40:58] Eit0_ (dd60f8ae-d292-3b52-acb2-c861c0758805): Daulet#0683
[17:40:59] Cocodjambo (3cc42df8-22d6-3c1f-b277-69b3926f6e43): ? ?????? ?????
[17:41:01] Eit0_ (dd60f8ae-d292-3b52-acb2-c861c0758805): ?????? ????
[17:41:02] Eit0_ (dd60f8ae-d292-3b52-acb2-c861c0758805): ? ???????
[17:42:50] Eit0_ (dd60f8ae-d292-3b52-acb2-c861c0758805): ????
[17:42:52] Eit0_ (dd60f8ae-d292-3b52-acb2-c861c0758805): 5 ?????
[18:15:33] Cocodjambo (3cc42df8-22d6-3c1f-b277-69b3926f6e43): ????? ? ?????
[18:16:54] BaralDag (de81d87d-3df0-3c41-bd3f-3574fd1a3fdb): 1
[18:17:03] BaralDag (de81d87d-3df0-3c41-bd3f-3574fd1a3fdb): 1
[18:17:25] BaralDag (de81d87d-3df0-3c41-bd3f-3574fd1a3fdb): ??? ? ????? ? ?????? ?? ?????
[18:33:00] Eit0_ (dd60f8ae-d292-3b52-acb2-c861c0758805): ????????? ??????
[18:58:10] BaralDag (de81d87d-3df0-3c41-bd3f-3574fd1a3fdb): ?? ???? ??? ????? ?????????
[18:58:22] Cocodjambo (3cc42df8-22d6-3c1f-b277-69b3926f6e43): ?????? ???????? ??????
[18:58:41] BaralDag (de81d87d-3df0-3c41-bd3f-3574fd1a3fdb): ??? ? ???? ???????
[18:58:50] Cocodjambo (3cc42df8-22d6-3c1f-b277-69b3926f6e43): ? ?? ????, ?? ????? ??????
[18:58:51] BaralDag (de81d87d-3df0-3c41-bd3f-3574fd1a3fdb): ?????? ??????
[19:00:45] BaralDag (de81d87d-3df0-3c41-bd3f-3574fd1a3fdb): ???? ?????? ??????? ? ?????
[19:00:50] Cocodjambo (3cc42df8-22d6-3c1f-b277-69b3926f6e43): ?? ???
[19:01:02] BaralDag (de81d87d-3df0-3c41-bd3f-3574fd1a3fdb): ? ???? ????? ????
[19:02:53] BaralDag (de81d87d-3df0-3c41-bd3f-3574fd1a3fdb): ??? ???? ?????
[19:02:58] Cocodjambo (3cc42df8-22d6-3c1f-b277-69b3926f6e43): ??? ???
[19:03:10] BaralDag (de81d87d-3df0-3c41-bd3f-3574fd1a3fdb): ?????? ? ??????? ?????
[19:03:19] Cocodjambo (3cc42df8-22d6-3c1f-b277-69b3926f6e43): ???? ??????
[19:03:27] BaralDag (de81d87d-3df0-3c41-bd3f-3574fd1a3fdb): ???? ???? ????????
[19:03:33] Cocodjambo (3cc42df8-22d6-3c1f-b277-69b3926f6e43): ????? ?????
[19:03:46] BaralDag (de81d87d-3df0-3c41-bd3f-3574fd1a3fdb): ? ???? ??? ??? ????? ????
[19:04:01] Cocodjambo (3cc42df8-22d6-3c1f-b277-69b3926f6e43): ??????? ???????
[19:04:09] BaralDag (de81d87d-3df0-3c41-bd3f-3574fd1a3fdb): ? ??? ???? ???
[19:10:26] BaralDag (de81d87d-3df0-3c41-bd3f-3574fd1a3fdb): ? ?????!!
[19:10:37] Cocodjambo (3cc42df8-22d6-3c1f-b277-69b3926f6e43): ????? ?? ????
[19:10:49] Cocodjambo (3cc42df8-22d6-3c1f-b277-69b3926f6e43): ? ?????? ??? ??????
[19:10:52] BaralDag (de81d87d-3df0-3c41-bd3f-3574fd1a3fdb): ??? ??? ?????
[19:10:54] Cocodjambo (3cc42df8-22d6-3c1f-b277-69b3926f6e43): ??
[19:13:30] BaralDag (de81d87d-3df0-3c41-bd3f-3574fd1a3fdb): ??? ??????
[19:13:37] Cocodjambo (3cc42df8-22d6-3c1f-b277-69b3926f6e43): ???????
[19:14:29] Cocodjambo (3cc42df8-22d6-3c1f-b277-69b3926f6e43): ?????? 7 ?????? ? ????? ????
[19:14:54] BaralDag (de81d87d-3df0-3c41-bd3f-3574fd1a3fdb): ???? ? ??????? ????? ? ?????
[19:15:07] Cocodjambo (3cc42df8-22d6-3c1f-b277-69b3926f6e43): ???
[19:15:40] BaralDag (de81d87d-3df0-3c41-bd3f-3574fd1a3fdb): ??? ????
[19:16:36] Cocodjambo (3cc42df8-22d6-3c1f-b277-69b3926f6e43): ?????
[19:16:42] Cocodjambo (3cc42df8-22d6-3c1f-b277-69b3926f6e43): ??????? ?? ??????
[19:16:46] BaralDag (de81d87d-3df0-3c41-bd3f-3574fd1a3fdb): ????????
[19:16:55] BaralDag (de81d87d-3df0-3c41-bd3f-3574fd1a3fdb): ???? ????
[19:16:58] Cocodjambo (3cc42df8-22d6-3c1f-b277-69b3926f6e43): ??
[19:17:11] Cocodjambo (3cc42df8-22d6-3c1f-b277-69b3926f6e43): ????????
[19:17:14] Cocodjambo (3cc42df8-22d6-3c1f-b277-69b3926f6e43): ???????
[19:17:27] Cocodjambo (3cc42df8-22d6-3c1f-b277-69b3926f6e43): ??????? ?????? ??? ???-??
[19:17:56] BaralDag (de81d87d-3df0-3c41-bd3f-3574fd1a3fdb): ? ?? ??????? ??? ???? ? ????? ???
[19:18:03] BaralDag (de81d87d-3df0-3c41-bd3f-3574fd1a3fdb): ?? ???
[19:20:09] BaralDag (de81d87d-3df0-3c41-bd3f-3574fd1a3fdb): ? ??? ??????? ?? ???? ? ?????
[19:20:15] Cocodjambo (3cc42df8-22d6-3c1f-b277-69b3926f6e43): ?? ???
[19:21:46] Eit0_ (dd60f8ae-d292-3b52-acb2-c861c0758805): ??? ???????
[19:21:50] Cocodjambo (3cc42df8-22d6-3c1f-b277-69b3926f6e43): ??
[19:22:24] Cocodjambo (3cc42df8-22d6-3c1f-b277-69b3926f6e43): ????????? ???? ?????????
[19:22:38] Eit0_ (dd60f8ae-d292-3b52-acb2-c861c0758805): ?? ??? ???????????
[19:22:51] Eit0_ (dd60f8ae-d292-3b52-acb2-c861c0758805): ? ?????
[19:22:53] Eit0_ (dd60f8ae-d292-3b52-acb2-c861c0758805): ??? ?? ?? ?????
[19:24:21] Cocodjambo (3cc42df8-22d6-3c1f-b277-69b3926f6e43): ???? ??????????
[19:24:25] Cocodjambo (3cc42df8-22d6-3c1f-b277-69b3926f6e43): ????? ??????
[19:24:34] Eit0_ (dd60f8ae-d292-3b52-acb2-c861c0758805): ??????? ? ??? ???
[19:24:37] Cocodjambo (3cc42df8-22d6-3c1f-b277-69b3926f6e43): ??
[19:25:31] Cocodjambo (3cc42df8-22d6-3c1f-b277-69b3926f6e43): ???????? ???????? ?????
[19:25:41] Cocodjambo (3cc42df8-22d6-3c1f-b277-69b3926f6e43): ?? ? ???? ???? ?????????? ????
[19:25:47] Cocodjambo (3cc42df8-22d6-3c1f-b277-69b3926f6e43): ???? ???????
[19:26:10] Cocodjambo (3cc42df8-22d6-3c1f-b277-69b3926f6e43): ?? ????? ??? ??????
[19:26:11] Cocodjambo (3cc42df8-22d6-3c1f-b277-69b3926f6e43): ?????
[19:29:03] Cocodjambo (3cc42df8-22d6-3c1f-b277-69b3926f6e43): ? ????? ????????
[19:32:36] BaralDag (de81d87d-3df0-3c41-bd3f-3574fd1a3fdb): ??? ????? ???? ????????
[19:33:51] Cocodjambo (3cc42df8-22d6-3c1f-b277-69b3926f6e43): ???????
[19:34:04] BaralDag (de81d87d-3df0-3c41-bd3f-3574fd1a3fdb): ??? ????
[19:34:06] Cocodjambo (3cc42df8-22d6-3c1f-b277-69b3926f6e43): ??????? ?? ??????
[19:34:43] BaralDag (de81d87d-3df0-3c41-bd3f-3574fd1a3fdb): ??????? ???? ? ?????????? ?????? ????? ????
[19:34:49] Cocodjambo (3cc42df8-22d6-3c1f-b277-69b3926f6e43): ?????
[19:34:50] Cocodjambo (3cc42df8-22d6-3c1f-b277-69b3926f6e43): ????
[19:35:05] BaralDag (de81d87d-3df0-3c41-bd3f-3574fd1a3fdb): ??? ??? ???????????? ???
[19:35:12] Cocodjambo (3cc42df8-22d6-3c1f-b277-69b3926f6e43): ./home ??????
[19:35:15] Cocodjambo (3cc42df8-22d6-3c1f-b277-69b3926f6e43): ./homes ??????
[19:35:36] Cocodjambo (3cc42df8-22d6-3c1f-b277-69b3926f6e43): ??? ? ?????
[19:35:46] Cocodjambo (3cc42df8-22d6-3c1f-b277-69b3926f6e43): ? ???
[19:35:56] BaralDag (de81d87d-3df0-3c41-bd3f-3574fd1a3fdb): f z cgfnm
[19:36:00] BaralDag (de81d87d-3df0-3c41-bd3f-3574fd1a3fdb): ? ?????
[19:36:07] Cocodjambo (3cc42df8-22d6-3c1f-b277-69b3926f6e43): ??????? ????
[19:36:13] BaralDag (de81d87d-3df0-3c41-bd3f-3574fd1a3fdb): ???????
