[17:14:59] kaslon (ec5c596a-d73c-3280-95c6-3d8d456bdd06): ??????
[17:15:21] ZvezdoChyot (0156eefb-549d-3eb2-a166-92582bc05e99): ? ?????? ??????
[17:15:26] kaslon (ec5c596a-d73c-3280-95c6-3d8d456bdd06): )
[17:15:28] ZvezdoChyot (0156eefb-549d-3eb2-a166-92582bc05e99): ????? ?? ????????
[17:15:36] kaslon (ec5c596a-d73c-3280-95c6-3d8d456bdd06): ??, ?????
[17:16:27] ZvezdoChyot (0156eefb-549d-3eb2-a166-92582bc05e99): ?? ????? ?????? ? ???? ????? ?????? ?? ????????????
[17:16:48] ZvezdoChyot (0156eefb-549d-3eb2-a166-92582bc05e99): f
[17:17:00] kaslon (ec5c596a-d73c-3280-95c6-3d8d456bdd06): ?? ?? ???? ?? ?? ??????
[17:18:03] kaslon (ec5c596a-d73c-3280-95c6-3d8d456bdd06): ? ???? ?????????? ?????? ?????
[17:18:23] ZvezdoChyot (0156eefb-549d-3eb2-a166-92582bc05e99): ? ???? ??? ?????? ??? ?? ????????
[17:18:33] kaslon (ec5c596a-d73c-3280-95c6-3d8d456bdd06): ??
[17:18:37] kaslon (ec5c596a-d73c-3280-95c6-3d8d456bdd06): ??
[17:18:51] ZvezdoChyot (0156eefb-549d-3eb2-a166-92582bc05e99): ???? ???? ???? ??? ?? ?????? ???????? ??
[17:20:30] kaslon (ec5c596a-d73c-3280-95c6-3d8d456bdd06): ????? ?? ?????????
[17:24:14] kaslon (ec5c596a-d73c-3280-95c6-3d8d456bdd06): ??? ?? ???? ? ?????????
[17:24:31] ZvezdoChyot (0156eefb-549d-3eb2-a166-92582bc05e99): ??
[17:24:49] ZvezdoChyot (0156eefb-549d-3eb2-a166-92582bc05e99): ? ???? ?? 200 ?????? ?????? ????? ?? ???? ?? ?? ??????
[17:25:10] kaslon (ec5c596a-d73c-3280-95c6-3d8d456bdd06): ? ? ????? ????? ??????
[17:25:24] ZvezdoChyot (0156eefb-549d-3eb2-a166-92582bc05e99): ? ?????? ????? ? ?????? ??? ??? ????? ???????
[17:25:41] kaslon (ec5c596a-d73c-3280-95c6-3d8d456bdd06): ?? ? ? ? ????? ??? ?? ???????
[17:26:17] kaslon (ec5c596a-d73c-3280-95c6-3d8d456bdd06): ? ? ???? ????? ?????????
[17:26:37] ZvezdoChyot (0156eefb-549d-3eb2-a166-92582bc05e99): ?? ? ??? ?? ????????
[17:26:53] kaslon (ec5c596a-d73c-3280-95c6-3d8d456bdd06): :/
[17:27:11] ZvezdoChyot (0156eefb-549d-3eb2-a166-92582bc05e99): ?? ??????? ???????
[17:30:41] kaslon (ec5c596a-d73c-3280-95c6-3d8d456bdd06): ??? ????? ?? ??????
[17:30:46] kaslon (ec5c596a-d73c-3280-95c6-3d8d456bdd06): ??????
[17:31:25] ZvezdoChyot (0156eefb-549d-3eb2-a166-92582bc05e99): ? ? ??? ???
[17:34:59] kaslon (ec5c596a-d73c-3280-95c6-3d8d456bdd06): ?? ??, ????? ???????? ? ??? ???? ???????? ?? ???????????
[17:35:20] ZvezdoChyot (0156eefb-549d-3eb2-a166-92582bc05e99): ??? ???? ???? ???????? ??? ?????
[17:35:33] kaslon (ec5c596a-d73c-3280-95c6-3d8d456bdd06): ?????
[17:36:09] ZvezdoChyot (0156eefb-549d-3eb2-a166-92582bc05e99): ???? ? ???? ?????? ????? ?? ?????
[17:36:40] ZvezdoChyot (0156eefb-549d-3eb2-a166-92582bc05e99): ???? ?????? ??????
[17:38:40] kaslon (ec5c596a-d73c-3280-95c6-3d8d456bdd06): ? ??????
[17:38:51] kaslon (ec5c596a-d73c-3280-95c6-3d8d456bdd06): ? ???? ???? ?? ????????
[17:39:02] ZvezdoChyot (0156eefb-549d-3eb2-a166-92582bc05e99): ??? ? ???? ???? JePechoCommeFRCV
[17:39:13] kaslon (ec5c596a-d73c-3280-95c6-3d8d456bdd06): ?
[17:39:20] kaslon (ec5c596a-d73c-3280-95c6-3d8d456bdd06): ?????? ????
[17:39:40] ZvezdoChyot (0156eefb-549d-3eb2-a166-92582bc05e99): ??? ???? ??????? ???
[17:39:45] kaslon (ec5c596a-d73c-3280-95c6-3d8d456bdd06): ??
[17:39:52] kaslon (ec5c596a-d73c-3280-95c6-3d8d456bdd06): ?????? ???? ???
[17:40:04] kaslon (ec5c596a-d73c-3280-95c6-3d8d456bdd06): ???????
[17:40:13] kaslon (ec5c596a-d73c-3280-95c6-3d8d456bdd06): ?????, ????? ??????
[17:40:13] ZvezdoChyot (0156eefb-549d-3eb2-a166-92582bc05e99): ????dead
[17:40:23] kaslon (ec5c596a-d73c-3280-95c6-3d8d456bdd06): ??????
[17:40:25] kaslon (ec5c596a-d73c-3280-95c6-3d8d456bdd06): ?????
[17:40:35] kaslon (ec5c596a-d73c-3280-95c6-3d8d456bdd06): ????? ??? ???????
[17:40:56] ZvezdoChyot (0156eefb-549d-3eb2-a166-92582bc05e99): ?? ??? ???? ??? ????????? ???? ??? ??????? ??? ? ?? ??????
[17:41:02] kaslon (ec5c596a-d73c-3280-95c6-3d8d456bdd06): ???????
[17:41:07] kaslon (ec5c596a-d73c-3280-95c6-3d8d456bdd06): ?? ?????
[17:41:21] kaslon (ec5c596a-d73c-3280-95c6-3d8d456bdd06): ??
[17:41:24] ZvezdoChyot (0156eefb-549d-3eb2-a166-92582bc05e99): ????? ? ??????? ?? ?????
[17:41:28] kaslon (ec5c596a-d73c-3280-95c6-3d8d456bdd06): ??????
[17:45:35] ZvezdoChyot (0156eefb-549d-3eb2-a166-92582bc05e99): ??????????
[17:45:35] kaslon (ec5c596a-d73c-3280-95c6-3d8d456bdd06): ???????
[17:45:43] ZvezdoChyot (0156eefb-549d-3eb2-a166-92582bc05e99): ??? ?? ?????????
[17:45:44] kaslon (ec5c596a-d73c-3280-95c6-3d8d456bdd06): ??????????? ????? ???
[17:45:56] ZvezdoChyot (0156eefb-549d-3eb2-a166-92582bc05e99): ? ????? ????? ????? ????????????
[17:46:12] kaslon (ec5c596a-d73c-3280-95c6-3d8d456bdd06): ? ? ??? ????? ????? ???????? ???????
[17:48:21] kaslon (ec5c596a-d73c-3280-95c6-3d8d456bdd06): ??? ? ?? ???
[17:48:27] ZvezdoChyot (0156eefb-549d-3eb2-a166-92582bc05e99): ???
[17:48:38] kaslon (ec5c596a-d73c-3280-95c6-3d8d456bdd06): ?
[17:48:39] kaslon (ec5c596a-d73c-3280-95c6-3d8d456bdd06): ??
[17:49:02] kaslon (ec5c596a-d73c-3280-95c6-3d8d456bdd06): ??
[17:49:06] kaslon (ec5c596a-d73c-3280-95c6-3d8d456bdd06): ????????
[17:49:12] ZvezdoChyot (0156eefb-549d-3eb2-a166-92582bc05e99): ????? ????? 5 ??????????
[17:49:16] kaslon (ec5c596a-d73c-3280-95c6-3d8d456bdd06): ???????
[17:49:33] kaslon (ec5c596a-d73c-3280-95c6-3d8d456bdd06): ????
[17:49:40] kaslon (ec5c596a-d73c-3280-95c6-3d8d456bdd06): ? ???? ??? ??? ??? ???
[17:49:45] kaslon (ec5c596a-d73c-3280-95c6-3d8d456bdd06): ?? ???????
[17:49:49] kaslon (ec5c596a-d73c-3280-95c6-3d8d456bdd06): [f[f[f
[17:49:52] kaslon (ec5c596a-d73c-3280-95c6-3d8d456bdd06): ??????
[17:49:54] ZvezdoChyot (0156eefb-549d-3eb2-a166-92582bc05e99): ??? ? ???? ???? ??? ????
[17:50:06] ZvezdoChyot (0156eefb-549d-3eb2-a166-92582bc05e99): ?? ? ????? ??? ??? ??????????
[17:50:11] kaslon (ec5c596a-d73c-3280-95c6-3d8d456bdd06): ?? ??, ???? ????? ??? ?? ???? ?????? ??????
[17:50:14] kaslon (ec5c596a-d73c-3280-95c6-3d8d456bdd06): ??????
[17:50:21] kaslon (ec5c596a-d73c-3280-95c6-3d8d456bdd06): ????? ?????????? ???????
[17:50:38] ZvezdoChyot (0156eefb-549d-3eb2-a166-92582bc05e99): ???????????? ???????
[17:51:08] ZvezdoChyot (0156eefb-549d-3eb2-a166-92582bc05e99): ?? ? ? ????? ??????
[17:51:13] kaslon (ec5c596a-d73c-3280-95c6-3d8d456bdd06): ? ? ?????
[17:53:58] ZvezdoChyot (0156eefb-549d-3eb2-a166-92582bc05e99): ? ?? ????????
[17:54:01] kaslon (ec5c596a-d73c-3280-95c6-3d8d456bdd06): ?????
[22:34:51] DoShIk0_00 (80b365d9-399c-383c-8e83-bafd73cde446): ?????
[22:35:17] DoShIk0_00 (80b365d9-399c-383c-8e83-bafd73cde446): ???
[22:35:23] DoShIk0_00 (80b365d9-399c-383c-8e83-bafd73cde446): ??????
[22:36:30] DoShIk0_00 (80b365d9-399c-383c-8e83-bafd73cde446): ?????? ? ??? ??? ???? ?????? ?????
[22:36:36] DoShIk0_00 (80b365d9-399c-383c-8e83-bafd73cde446): ??????????
[22:36:51] Hinakari123 (17d989a5-114c-3037-9970-ca4faa364a08): ?????
[22:37:12] DoShIk0_00 (80b365d9-399c-383c-8e83-bafd73cde446): ????
[22:37:45] DoShIk0_00 (80b365d9-399c-383c-8e83-bafd73cde446): ?????
[22:38:12] DoShIk0_00 (80b365d9-399c-383c-8e83-bafd73cde446): ? ?? ???
[22:38:23] DoShIk0_00 (80b365d9-399c-383c-8e83-bafd73cde446): ?????
[22:38:27] DoShIk0_00 (80b365d9-399c-383c-8e83-bafd73cde446): ? ??? ??
[22:38:50] DoShIk0_00 (80b365d9-399c-383c-8e83-bafd73cde446): ????? ??????
[22:39:21] DoShIk0_00 (80b365d9-399c-383c-8e83-bafd73cde446): ? ??????????
[22:39:34] DoShIk0_00 (80b365d9-399c-383c-8e83-bafd73cde446): ????? ??????
[22:39:55] DoShIk0_00 (80b365d9-399c-383c-8e83-bafd73cde446): ??
[22:40:16] DoShIk0_00 (80b365d9-399c-383c-8e83-bafd73cde446): ????????
[22:40:20] DoShIk0_00 (80b365d9-399c-383c-8e83-bafd73cde446): ? ????
[22:40:22] DoShIk0_00 (80b365d9-399c-383c-8e83-bafd73cde446): ?? ??????
[22:40:29] DoShIk0_00 (80b365d9-399c-383c-8e83-bafd73cde446): ????
[22:40:42] DoShIk0_00 (80b365d9-399c-383c-8e83-bafd73cde446): ? ??? ????????
[22:41:13] DoShIk0_00 (80b365d9-399c-383c-8e83-bafd73cde446): ??????????
[22:41:24] DoShIk0_00 (80b365d9-399c-383c-8e83-bafd73cde446): ????
[22:41:35] DoShIk0_00 (80b365d9-399c-383c-8e83-bafd73cde446): ?? ????
[22:42:06] DoShIk0_00 (80b365d9-399c-383c-8e83-bafd73cde446): ? ????
[22:42:08] DoShIk0_00 (80b365d9-399c-383c-8e83-bafd73cde446): ?
[22:42:10] DoShIk0_00 (80b365d9-399c-383c-8e83-bafd73cde446): ??
[22:42:13] DoShIk0_00 (80b365d9-399c-383c-8e83-bafd73cde446): ??????
[22:42:20] DoShIk0_00 (80b365d9-399c-383c-8e83-bafd73cde446): ?????? ?????
[22:42:25] DoShIk0_00 (80b365d9-399c-383c-8e83-bafd73cde446): ? ?????? ??? ????
[22:42:59] DoShIk0_00 (80b365d9-399c-383c-8e83-bafd73cde446): ? ????? ???????? ?????? ??????????
[22:43:01] DoShIk0_00 (80b365d9-399c-383c-8e83-bafd73cde446): ????????
[22:43:04] DoShIk0_00 (80b365d9-399c-383c-8e83-bafd73cde446): ? ???
[22:43:13] DoShIk0_00 (80b365d9-399c-383c-8e83-bafd73cde446): ????
[22:43:20] DoShIk0_00 (80b365d9-399c-383c-8e83-bafd73cde446): ? ????
[22:43:29] DoShIk0_00 (80b365d9-399c-383c-8e83-bafd73cde446): ? ???????
[22:44:00] DoShIk0_00 (80b365d9-399c-383c-8e83-bafd73cde446): ???
[22:44:05] DoShIk0_00 (80b365d9-399c-383c-8e83-bafd73cde446): ???? ????????????
[22:44:15] DoShIk0_00 (80b365d9-399c-383c-8e83-bafd73cde446): ??? ??
[22:44:26] DoShIk0_00 (80b365d9-399c-383c-8e83-bafd73cde446): ??
[22:44:37] DoShIk0_00 (80b365d9-399c-383c-8e83-bafd73cde446): ??
[22:44:38] DoShIk0_00 (80b365d9-399c-383c-8e83-bafd73cde446): ??????
[22:44:48] DoShIk0_00 (80b365d9-399c-383c-8e83-bafd73cde446): ?????? ???????
[22:44:55] DoShIk0_00 (80b365d9-399c-383c-8e83-bafd73cde446): ??
[22:45:00] DoShIk0_00 (80b365d9-399c-383c-8e83-bafd73cde446): ? ????
[22:45:12] DoShIk0_00 (80b365d9-399c-383c-8e83-bafd73cde446): ????????
[22:45:35] DoShIk0_00 (80b365d9-399c-383c-8e83-bafd73cde446): ???????? ????? ??????? ????
[22:45:46] DoShIk0_00 (80b365d9-399c-383c-8e83-bafd73cde446): ???????
[22:45:48] DoShIk0_00 (80b365d9-399c-383c-8e83-bafd73cde446): ?????
[22:45:49] DoShIk0_00 (80b365d9-399c-383c-8e83-bafd73cde446): ?????
[22:46:02] DoShIk0_00 (80b365d9-399c-383c-8e83-bafd73cde446): ?
[22:46:06] DoShIk0_00 (80b365d9-399c-383c-8e83-bafd73cde446): ?????? ?????
[22:46:07] DoShIk0_00 (80b365d9-399c-383c-8e83-bafd73cde446): ??? ?????
[22:46:23] DoShIk0_00 (80b365d9-399c-383c-8e83-bafd73cde446): ???????
[22:46:46] DoShIk0_00 (80b365d9-399c-383c-8e83-bafd73cde446): ???????
[22:46:51] DoShIk0_00 (80b365d9-399c-383c-8e83-bafd73cde446): ?????? ??? ????? ?????-?? ????????
[22:46:58] DoShIk0_00 (80b365d9-399c-383c-8e83-bafd73cde446): ? ????
[22:47:08] DoShIk0_00 (80b365d9-399c-383c-8e83-bafd73cde446): ?? ??? ????? ? ??????
[22:47:12] DoShIk0_00 (80b365d9-399c-383c-8e83-bafd73cde446): ???????
[22:47:13] DoShIk0_00 (80b365d9-399c-383c-8e83-bafd73cde446): ??
[22:47:19] DoShIk0_00 (80b365d9-399c-383c-8e83-bafd73cde446): ????
[22:47:20] DoShIk0_00 (80b365d9-399c-383c-8e83-bafd73cde446): ????????
[22:47:23] DoShIk0_00 (80b365d9-399c-383c-8e83-bafd73cde446): ??? ?????
[22:47:24] DoShIk0_00 (80b365d9-399c-383c-8e83-bafd73cde446): ??? ?????
[22:47:25] DoShIk0_00 (80b365d9-399c-383c-8e83-bafd73cde446): ??? ?????
[22:47:28] DoShIk0_00 (80b365d9-399c-383c-8e83-bafd73cde446): ?? ???
[22:47:39] DoShIk0_00 (80b365d9-399c-383c-8e83-bafd73cde446): ?????
[22:47:41] DoShIk0_00 (80b365d9-399c-383c-8e83-bafd73cde446): ?? ???
[22:47:50] DoShIk0_00 (80b365d9-399c-383c-8e83-bafd73cde446): ????? ???
[22:48:51] DoShIk0_00 (80b365d9-399c-383c-8e83-bafd73cde446): ????
[22:48:53] DoShIk0_00 (80b365d9-399c-383c-8e83-bafd73cde446): ????
[22:48:56] DoShIk0_00 (80b365d9-399c-383c-8e83-bafd73cde446): ??? ?? ?????
[22:49:02] DoShIk0_00 (80b365d9-399c-383c-8e83-bafd73cde446): ?????? ????? ????????
[22:49:19] DoShIk0_00 (80b365d9-399c-383c-8e83-bafd73cde446): ????????
[22:49:53] DoShIk0_00 (80b365d9-399c-383c-8e83-bafd73cde446): ???
[22:50:00] DoShIk0_00 (80b365d9-399c-383c-8e83-bafd73cde446): 2 ???\?
[22:50:05] DoShIk0_00 (80b365d9-399c-383c-8e83-bafd73cde446): ????
[22:50:24] DoShIk0_00 (80b365d9-399c-383c-8e83-bafd73cde446): ???? ????
[22:50:30] DoShIk0_00 (80b365d9-399c-383c-8e83-bafd73cde446): ?? ??? ??????? ???????
[22:50:44] DoShIk0_00 (80b365d9-399c-383c-8e83-bafd73cde446): ??????
[22:50:49] DoShIk0_00 (80b365d9-399c-383c-8e83-bafd73cde446): ?????? 3
[22:50:52] DoShIk0_00 (80b365d9-399c-383c-8e83-bafd73cde446): ??????? 18
[22:51:00] DoShIk0_00 (80b365d9-399c-383c-8e83-bafd73cde446): ? ????
[22:51:09] DoShIk0_00 (80b365d9-399c-383c-8e83-bafd73cde446): ??????????
[22:51:26] DoShIk0_00 (80b365d9-399c-383c-8e83-bafd73cde446): ?
[22:51:28] DoShIk0_00 (80b365d9-399c-383c-8e83-bafd73cde446): ??????
[22:51:35] DoShIk0_00 (80b365d9-399c-383c-8e83-bafd73cde446): ? ? ?? ????
[22:51:41] DoShIk0_00 (80b365d9-399c-383c-8e83-bafd73cde446): ????? ????????? ??????? ? ???????
[22:51:42] DoShIk0_00 (80b365d9-399c-383c-8e83-bafd73cde446): ????? ??
[22:51:53] DoShIk0_00 (80b365d9-399c-383c-8e83-bafd73cde446): ??????
[22:51:56] DoShIk0_00 (80b365d9-399c-383c-8e83-bafd73cde446): ?????????
[22:52:00] DoShIk0_00 (80b365d9-399c-383c-8e83-bafd73cde446): ? ??????????
[22:52:11] DoShIk0_00 (80b365d9-399c-383c-8e83-bafd73cde446): ????????????
[22:52:31] DoShIk0_00 (80b365d9-399c-383c-8e83-bafd73cde446): ????? ???? ?????-?? ??? ????
[22:52:43] DoShIk0_00 (80b365d9-399c-383c-8e83-bafd73cde446): ??? ??????? ???????
[22:53:17] DoShIk0_00 (80b365d9-399c-383c-8e83-bafd73cde446): ??????
[22:53:22] DoShIk0_00 (80b365d9-399c-383c-8e83-bafd73cde446): ???????
[22:53:29] DoShIk0_00 (80b365d9-399c-383c-8e83-bafd73cde446): ?????
[22:53:55] DoShIk0_00 (80b365d9-399c-383c-8e83-bafd73cde446): ???
[22:54:01] DoShIk0_00 (80b365d9-399c-383c-8e83-bafd73cde446): ? ??????????
[22:54:11] DoShIk0_00 (80b365d9-399c-383c-8e83-bafd73cde446): ?? ? ???? ?????
[22:54:15] DoShIk0_00 (80b365d9-399c-383c-8e83-bafd73cde446): ??? ?? ??? ?????
[22:54:43] DoShIk0_00 (80b365d9-399c-383c-8e83-bafd73cde446): ?? ???? ???? ?? ?? ??????? ?????? ??? ? ??????? ??? ?????? ?????????
[22:54:46] DoShIk0_00 (80b365d9-399c-383c-8e83-bafd73cde446): ? ???????
[22:54:48] DoShIk0_00 (80b365d9-399c-383c-8e83-bafd73cde446): ?????
[22:54:56] DoShIk0_00 (80b365d9-399c-383c-8e83-bafd73cde446): ?????
[22:54:58] DoShIk0_00 (80b365d9-399c-383c-8e83-bafd73cde446): ???????
[22:55:03] DoShIk0_00 (80b365d9-399c-383c-8e83-bafd73cde446): ? ?????? ??? ?????????
[22:55:10] DoShIk0_00 (80b365d9-399c-383c-8e83-bafd73cde446): ? ?????? ?????
[22:55:11] DoShIk0_00 (80b365d9-399c-383c-8e83-bafd73cde446): ??? ??
[22:55:22] DoShIk0_00 (80b365d9-399c-383c-8e83-bafd73cde446): ??? ??????????? ???? ??????
[22:55:24] DoShIk0_00 (80b365d9-399c-383c-8e83-bafd73cde446): ??? ????
[22:55:32] DoShIk0_00 (80b365d9-399c-383c-8e83-bafd73cde446): ? ???? ??????
[22:55:34] DoShIk0_00 (80b365d9-399c-383c-8e83-bafd73cde446): ?? ?? ????
[22:55:37] DoShIk0_00 (80b365d9-399c-383c-8e83-bafd73cde446): ? ??????
[22:55:43] DoShIk0_00 (80b365d9-399c-383c-8e83-bafd73cde446): ? ?? ????????? ???? ?? ?????????
[22:55:47] DoShIk0_00 (80b365d9-399c-383c-8e83-bafd73cde446): ? ? ???? ????????
[22:56:02] DoShIk0_00 (80b365d9-399c-383c-8e83-bafd73cde446): ??? ??? ?????
[22:56:12] DoShIk0_00 (80b365d9-399c-383c-8e83-bafd73cde446): ??????
[22:56:21] DoShIk0_00 (80b365d9-399c-383c-8e83-bafd73cde446): ????? ???? ????? ????
[22:56:24] DoShIk0_00 (80b365d9-399c-383c-8e83-bafd73cde446): ????? ???????? ????
[22:56:29] DoShIk0_00 (80b365d9-399c-383c-8e83-bafd73cde446): ?
[22:56:50] DoShIk0_00 (80b365d9-399c-383c-8e83-bafd73cde446): ?
[22:56:51] DoShIk0_00 (80b365d9-399c-383c-8e83-bafd73cde446): ???????
[22:57:11] DoShIk0_00 (80b365d9-399c-383c-8e83-bafd73cde446): ??????
[22:57:16] DoShIk0_00 (80b365d9-399c-383c-8e83-bafd73cde446): ????
[22:57:18] DoShIk0_00 (80b365d9-399c-383c-8e83-bafd73cde446): ? ???? 60
[22:57:28] DoShIk0_00 (80b365d9-399c-383c-8e83-bafd73cde446): ????
[22:57:39] DoShIk0_00 (80b365d9-399c-383c-8e83-bafd73cde446): ? ?? ????? ?????? ??????
[22:57:42] DoShIk0_00 (80b365d9-399c-383c-8e83-bafd73cde446): ? ???? 10 ??? ????
[22:57:48] DoShIk0_00 (80b365d9-399c-383c-8e83-bafd73cde446): ? ???
[22:57:52] DoShIk0_00 (80b365d9-399c-383c-8e83-bafd73cde446): ?? ????? ???? ???????
[22:57:54] DoShIk0_00 (80b365d9-399c-383c-8e83-bafd73cde446): ????
[22:58:05] DoShIk0_00 (80b365d9-399c-383c-8e83-bafd73cde446): ???
[22:58:07] DoShIk0_00 (80b365d9-399c-383c-8e83-bafd73cde446): ? ??? ??????
[22:58:11] DoShIk0_00 (80b365d9-399c-383c-8e83-bafd73cde446): ?? ?? ??????? ??????
[22:58:17] DoShIk0_00 (80b365d9-399c-383c-8e83-bafd73cde446): ????????
[22:58:19] DoShIk0_00 (80b365d9-399c-383c-8e83-bafd73cde446): ????????????
[22:58:21] DoShIk0_00 (80b365d9-399c-383c-8e83-bafd73cde446): ?? 1 ?????
[22:58:28] DoShIk0_00 (80b365d9-399c-383c-8e83-bafd73cde446): ?? ?? ?????????? ??
[22:58:29] DoShIk0_00 (80b365d9-399c-383c-8e83-bafd73cde446): ??????
[22:58:44] DoShIk0_00 (80b365d9-399c-383c-8e83-bafd73cde446): ?? ? ? ???? ??????? ????
[22:58:46] DoShIk0_00 (80b365d9-399c-383c-8e83-bafd73cde446): ?????? ???? ??????
[22:58:49] DoShIk0_00 (80b365d9-399c-383c-8e83-bafd73cde446): ? ????
[22:58:56] DoShIk0_00 (80b365d9-399c-383c-8e83-bafd73cde446): ??
[22:59:00] DoShIk0_00 (80b365d9-399c-383c-8e83-bafd73cde446): ?????
[22:59:09] DoShIk0_00 (80b365d9-399c-383c-8e83-bafd73cde446): ??
[22:59:11] DoShIk0_00 (80b365d9-399c-383c-8e83-bafd73cde446): ?? ????
[22:59:15] DoShIk0_00 (80b365d9-399c-383c-8e83-bafd73cde446): ????
[22:59:17] DoShIk0_00 (80b365d9-399c-383c-8e83-bafd73cde446): ???
[22:59:21] DoShIk0_00 (80b365d9-399c-383c-8e83-bafd73cde446): ??? ???? ???
[22:59:22] DoShIk0_00 (80b365d9-399c-383c-8e83-bafd73cde446): ???
[22:59:27] DoShIk0_00 (80b365d9-399c-383c-8e83-bafd73cde446): ??
[22:59:35] DoShIk0_00 (80b365d9-399c-383c-8e83-bafd73cde446): ?? ??????
[22:59:37] DoShIk0_00 (80b365d9-399c-383c-8e83-bafd73cde446): ???-??
[22:59:49] DoShIk0_00 (80b365d9-399c-383c-8e83-bafd73cde446): ?? ?????? ???? ???????? ????? ? 12 ????
[22:59:59] DoShIk0_00 (80b365d9-399c-383c-8e83-bafd73cde446): ?? ??
[23:00:02] DoShIk0_00 (80b365d9-399c-383c-8e83-bafd73cde446): ?? ? ???????? ??????
[23:00:08] DoShIk0_00 (80b365d9-399c-383c-8e83-bafd73cde446): ? ? ???? ?????? ?????
[23:00:11] DoShIk0_00 (80b365d9-399c-383c-8e83-bafd73cde446): ? ?? ????????
[23:00:15] DoShIk0_00 (80b365d9-399c-383c-8e83-bafd73cde446): ???
[23:00:20] DoShIk0_00 (80b365d9-399c-383c-8e83-bafd73cde446): ?????
[23:00:24] DoShIk0_00 (80b365d9-399c-383c-8e83-bafd73cde446): ? ????? ??? ????
[23:00:29] DoShIk0_00 (80b365d9-399c-383c-8e83-bafd73cde446): ??
[23:01:06] DoShIk0_00 (80b365d9-399c-383c-8e83-bafd73cde446): ??
[23:01:09] DoShIk0_00 (80b365d9-399c-383c-8e83-bafd73cde446): ????
[23:01:21] DoShIk0_00 (80b365d9-399c-383c-8e83-bafd73cde446): 1 ???
[23:01:24] DoShIk0_00 (80b365d9-399c-383c-8e83-bafd73cde446): ????????
[23:01:27] DoShIk0_00 (80b365d9-399c-383c-8e83-bafd73cde446): ? ?? ??????
[23:01:59] DoShIk0_00 (80b365d9-399c-383c-8e83-bafd73cde446): ?????
[23:02:11] DoShIk0_00 (80b365d9-399c-383c-8e83-bafd73cde446): ?? ?????
[23:02:13] DoShIk0_00 (80b365d9-399c-383c-8e83-bafd73cde446): ??? ???
[23:02:16] DoShIk0_00 (80b365d9-399c-383c-8e83-bafd73cde446): ???
[23:02:18] DoShIk0_00 (80b365d9-399c-383c-8e83-bafd73cde446): ????? ?? ???
[23:02:53] DoShIk0_00 (80b365d9-399c-383c-8e83-bafd73cde446): 254 65 573
[23:03:26] DoShIk0_00 (80b365d9-399c-383c-8e83-bafd73cde446): ????? ?? ??????? ?? ??????? ? ?????? ????
[23:03:52] DoShIk0_00 (80b365d9-399c-383c-8e83-bafd73cde446): ???? ?? ?????
[23:04:16] DoShIk0_00 (80b365d9-399c-383c-8e83-bafd73cde446): ???
[23:04:23] DoShIk0_00 (80b365d9-399c-383c-8e83-bafd73cde446): ????? ? ????????? ??? ???????? ????????
[23:04:32] DoShIk0_00 (80b365d9-399c-383c-8e83-bafd73cde446): ??? ???? ??? ? ??????
[23:04:35] DoShIk0_00 (80b365d9-399c-383c-8e83-bafd73cde446): ? ??? ???-??
[23:04:46] DoShIk0_00 (80b365d9-399c-383c-8e83-bafd73cde446): ????
[23:05:14] DoShIk0_00 (80b365d9-399c-383c-8e83-bafd73cde446): ? ???????? ????? ?????
[23:05:31] DoShIk0_00 (80b365d9-399c-383c-8e83-bafd73cde446): ? ????? ??????? ??? ??
[23:05:42] DoShIk0_00 (80b365d9-399c-383c-8e83-bafd73cde446): ????
[23:05:46] DoShIk0_00 (80b365d9-399c-383c-8e83-bafd73cde446): ?? ?????
[23:05:57] DoShIk0_00 (80b365d9-399c-383c-8e83-bafd73cde446): ?? ???
[23:05:59] DoShIk0_00 (80b365d9-399c-383c-8e83-bafd73cde446): ???? ??
[23:06:05] DoShIk0_00 (80b365d9-399c-383c-8e83-bafd73cde446): ????
[23:06:11] DoShIk0_00 (80b365d9-399c-383c-8e83-bafd73cde446): ??????
[23:06:17] DoShIk0_00 (80b365d9-399c-383c-8e83-bafd73cde446): ??? ? ????-?? ? ???? ????? ?????
[23:06:23] DoShIk0_00 (80b365d9-399c-383c-8e83-bafd73cde446): ??????? ??? ?? ?????? ???? ? ?????? ??????
[23:06:36] DoShIk0_00 (80b365d9-399c-383c-8e83-bafd73cde446): ??
[23:06:37] DoShIk0_00 (80b365d9-399c-383c-8e83-bafd73cde446): ??? ??????
[23:06:49] DoShIk0_00 (80b365d9-399c-383c-8e83-bafd73cde446): 254 65 573
[23:07:11] DoShIk0_00 (80b365d9-399c-383c-8e83-bafd73cde446): ????????
[23:07:13] DoShIk0_00 (80b365d9-399c-383c-8e83-bafd73cde446): ? ? ????
[23:07:21] DoShIk0_00 (80b365d9-399c-383c-8e83-bafd73cde446): ?????? ??? ????????? ??????
[23:07:36] DoShIk0_00 (80b365d9-399c-383c-8e83-bafd73cde446): 8
[23:07:38] DoShIk0_00 (80b365d9-399c-383c-8e83-bafd73cde446): ??
[23:07:45] DoShIk0_00 (80b365d9-399c-383c-8e83-bafd73cde446): ????
[23:07:56] DoShIk0_00 (80b365d9-399c-383c-8e83-bafd73cde446): ? ??? ??? ??????? ???????? ????????
[23:08:01] DoShIk0_00 (80b365d9-399c-383c-8e83-bafd73cde446): ? ????????
[23:08:14] DoShIk0_00 (80b365d9-399c-383c-8e83-bafd73cde446): ??? ??????
[23:08:15] DoShIk0_00 (80b365d9-399c-383c-8e83-bafd73cde446): ???
[23:08:18] DoShIk0_00 (80b365d9-399c-383c-8e83-bafd73cde446): ??? 50 ???????
[23:08:21] DoShIk0_00 (80b365d9-399c-383c-8e83-bafd73cde446): ?? ?4 ?????????
[23:09:11] DoShIk0_00 (80b365d9-399c-383c-8e83-bafd73cde446): ? ?? ? 9?
[23:09:14] DoShIk0_00 (80b365d9-399c-383c-8e83-bafd73cde446): ???
[23:09:20] DoShIk0_00 (80b365d9-399c-383c-8e83-bafd73cde446): ?????
[23:09:30] DoShIk0_00 (80b365d9-399c-383c-8e83-bafd73cde446): ? ?? 11
[23:09:31] DoShIk0_00 (80b365d9-399c-383c-8e83-bafd73cde446): ????
[23:09:50] DoShIk0_00 (80b365d9-399c-383c-8e83-bafd73cde446): ???? ???????? ??????????
[23:09:51] DoShIk0_00 (80b365d9-399c-383c-8e83-bafd73cde446): ????
[23:09:56] DoShIk0_00 (80b365d9-399c-383c-8e83-bafd73cde446): ?? ????????? ?????
[23:09:59] DoShIk0_00 (80b365d9-399c-383c-8e83-bafd73cde446): ? ??? ????? 11
[23:10:07] DoShIk0_00 (80b365d9-399c-383c-8e83-bafd73cde446): ?? ?????? ???
[23:10:12] DoShIk0_00 (80b365d9-399c-383c-8e83-bafd73cde446): ???? ????? ??????????
[23:10:19] DoShIk0_00 (80b365d9-399c-383c-8e83-bafd73cde446): ???????? ??????? ?? ?????????
[23:10:26] DoShIk0_00 (80b365d9-399c-383c-8e83-bafd73cde446): ??????????-???????????????
[23:10:28] DoShIk0_00 (80b365d9-399c-383c-8e83-bafd73cde446): ??
[23:10:29] DoShIk0_00 (80b365d9-399c-383c-8e83-bafd73cde446): ??????
[23:10:38] DoShIk0_00 (80b365d9-399c-383c-8e83-bafd73cde446): ????
[23:10:46] DoShIk0_00 (80b365d9-399c-383c-8e83-bafd73cde446): ?? ? ????? ?????? ????
[23:10:49] DoShIk0_00 (80b365d9-399c-383c-8e83-bafd73cde446): ?? ??? ??
[23:11:00] DoShIk0_00 (80b365d9-399c-383c-8e83-bafd73cde446): ???
[23:11:09] DoShIk0_00 (80b365d9-399c-383c-8e83-bafd73cde446): ?? ?? ????????? ???????? ?????
[23:11:14] DoShIk0_00 (80b365d9-399c-383c-8e83-bafd73cde446): ? ??? ???????? ????????
[23:11:29] DoShIk0_00 (80b365d9-399c-383c-8e83-bafd73cde446): ? ??? ????? ??????? ??
[23:11:38] DoShIk0_00 (80b365d9-399c-383c-8e83-bafd73cde446): ? ????? ????? ?? ????
[23:11:42] DoShIk0_00 (80b365d9-399c-383c-8e83-bafd73cde446): ????
[23:12:04] DoShIk0_00 (80b365d9-399c-383c-8e83-bafd73cde446): ? ???? ?????? ???????
[23:12:10] DoShIk0_00 (80b365d9-399c-383c-8e83-bafd73cde446): ? ???? ?? 1.19.2 ????
[23:12:12] DoShIk0_00 (80b365d9-399c-383c-8e83-bafd73cde446): ????? ?????
[23:12:25] DoShIk0_00 (80b365d9-399c-383c-8e83-bafd73cde446): ?????? ????? ???????
[23:12:26] DoShIk0_00 (80b365d9-399c-383c-8e83-bafd73cde446): ???
[23:12:31] DoShIk0_00 (80b365d9-399c-383c-8e83-bafd73cde446): 1.18
[23:12:37] DoShIk0_00 (80b365d9-399c-383c-8e83-bafd73cde446): ?? ??? ???? ???? ???????
[23:12:40] DoShIk0_00 (80b365d9-399c-383c-8e83-bafd73cde446): ??????????
[23:12:48] DoShIk0_00 (80b365d9-399c-383c-8e83-bafd73cde446): ? ????
[23:13:13] DoShIk0_00 (80b365d9-399c-383c-8e83-bafd73cde446): ???????
[23:13:43] DoShIk0_00 (80b365d9-399c-383c-8e83-bafd73cde446): ? ?? ?????
[23:13:53] DoShIk0_00 (80b365d9-399c-383c-8e83-bafd73cde446): ????
[23:15:00] DoShIk0_00 (80b365d9-399c-383c-8e83-bafd73cde446): ???? ??? ????? ??????? ?????? ? ?? ?????? ???????? ??????
[23:15:01] DoShIk0_00 (80b365d9-399c-383c-8e83-bafd73cde446): ?
[23:15:03] DoShIk0_00 (80b365d9-399c-383c-8e83-bafd73cde446): ???????
[23:15:04] DoShIk0_00 (80b365d9-399c-383c-8e83-bafd73cde446): ??????????????
[23:15:16] DoShIk0_00 (80b365d9-399c-383c-8e83-bafd73cde446): ? ??? ?????????
[23:15:26] DoShIk0_00 (80b365d9-399c-383c-8e83-bafd73cde446): ? ????
[23:15:28] DoShIk0_00 (80b365d9-399c-383c-8e83-bafd73cde446): ???????
[23:15:58] DoShIk0_00 (80b365d9-399c-383c-8e83-bafd73cde446): ?????????
[23:16:24] DoShIk0_00 (80b365d9-399c-383c-8e83-bafd73cde446): ??
[23:16:26] DoShIk0_00 (80b365d9-399c-383c-8e83-bafd73cde446): ??? ???????
[23:16:27] DoShIk0_00 (80b365d9-399c-383c-8e83-bafd73cde446): ????????
[23:16:33] DoShIk0_00 (80b365d9-399c-383c-8e83-bafd73cde446): ????? 2 ??????
[23:16:38] DoShIk0_00 (80b365d9-399c-383c-8e83-bafd73cde446): ?????
[23:16:41] DoShIk0_00 (80b365d9-399c-383c-8e83-bafd73cde446): ??\
[23:16:47] DoShIk0_00 (80b365d9-399c-383c-8e83-bafd73cde446): 14
[23:17:40] DoShIk0_00 (80b365d9-399c-383c-8e83-bafd73cde446): ????
[23:17:55] DoShIk0_00 (80b365d9-399c-383c-8e83-bafd73cde446): ? ? ?? ????? ????
[23:18:11] DoShIk0_00 (80b365d9-399c-383c-8e83-bafd73cde446): ?? ???? ??????? ???????
[23:18:14] DoShIk0_00 (80b365d9-399c-383c-8e83-bafd73cde446): ? ?????
[23:18:15] DoShIk0_00 (80b365d9-399c-383c-8e83-bafd73cde446): ???
[23:18:16] DoShIk0_00 (80b365d9-399c-383c-8e83-bafd73cde446): ??
[23:18:23] DoShIk0_00 (80b365d9-399c-383c-8e83-bafd73cde446): 16
[23:18:27] DoShIk0_00 (80b365d9-399c-383c-8e83-bafd73cde446): ??
[23:18:38] DoShIk0_00 (80b365d9-399c-383c-8e83-bafd73cde446): ?? ? ? ??? ?? ??????? ???
[23:18:45] DoShIk0_00 (80b365d9-399c-383c-8e83-bafd73cde446): ? ??? ????? 500 ?????
[23:19:06] DoShIk0_00 (80b365d9-399c-383c-8e83-bafd73cde446): ????
[23:19:15] DoShIk0_00 (80b365d9-399c-383c-8e83-bafd73cde446): ?????
[23:19:23] DoShIk0_00 (80b365d9-399c-383c-8e83-bafd73cde446): ????? ???????? ???????
[23:20:18] DoShIk0_00 (80b365d9-399c-383c-8e83-bafd73cde446): ??????? ???
[23:20:46] DoShIk0_00 (80b365d9-399c-383c-8e83-bafd73cde446): ? ??? ?????
[23:21:04] DoShIk0_00 (80b365d9-399c-383c-8e83-bafd73cde446): ?????
[23:21:38] DoShIk0_00 (80b365d9-399c-383c-8e83-bafd73cde446): ? ???? ???? ????????? ??????
[23:21:40] DoShIk0_00 (80b365d9-399c-383c-8e83-bafd73cde446): ????????
[23:21:45] DoShIk0_00 (80b365d9-399c-383c-8e83-bafd73cde446): ??
[23:21:48] DoShIk0_00 (80b365d9-399c-383c-8e83-bafd73cde446): ????? ??????
[23:21:50] DoShIk0_00 (80b365d9-399c-383c-8e83-bafd73cde446): ?????
[23:22:09] DoShIk0_00 (80b365d9-399c-383c-8e83-bafd73cde446): ? ???? ?????? ??????? ???? ??????? ???????? ?? ?????
[23:22:12] DoShIk0_00 (80b365d9-399c-383c-8e83-bafd73cde446): ?????
[23:22:14] DoShIk0_00 (80b365d9-399c-383c-8e83-bafd73cde446): ? ???? ??????
[23:22:19] DoShIk0_00 (80b365d9-399c-383c-8e83-bafd73cde446): ?? ????????? ???? ????????
[23:22:27] DoShIk0_00 (80b365d9-399c-383c-8e83-bafd73cde446): ?? ?????
[23:23:02] DoShIk0_00 (80b365d9-399c-383c-8e83-bafd73cde446): ??????????
[23:23:08] DoShIk0_00 (80b365d9-399c-383c-8e83-bafd73cde446): ??
[23:23:23] DoShIk0_00 (80b365d9-399c-383c-8e83-bafd73cde446): ???
[23:23:25] DoShIk0_00 (80b365d9-399c-383c-8e83-bafd73cde446): ??
[23:23:28] DoShIk0_00 (80b365d9-399c-383c-8e83-bafd73cde446): ?????
[23:23:37] DoShIk0_00 (80b365d9-399c-383c-8e83-bafd73cde446): ???
[23:23:42] DoShIk0_00 (80b365d9-399c-383c-8e83-bafd73cde446): ????? ???????
[23:23:43] DoShIk0_00 (80b365d9-399c-383c-8e83-bafd73cde446): ???
[23:23:46] DoShIk0_00 (80b365d9-399c-383c-8e83-bafd73cde446): ? ?????
[23:23:59] DoShIk0_00 (80b365d9-399c-383c-8e83-bafd73cde446): ?????
[23:24:05] DoShIk0_00 (80b365d9-399c-383c-8e83-bafd73cde446): ?? ???????????
[23:24:07] DoShIk0_00 (80b365d9-399c-383c-8e83-bafd73cde446): ??? ????? ?? ????
[23:24:13] DoShIk0_00 (80b365d9-399c-383c-8e83-bafd73cde446): ??? ???
[23:24:48] DoShIk0_00 (80b365d9-399c-383c-8e83-bafd73cde446): ???
[23:24:56] DoShIk0_00 (80b365d9-399c-383c-8e83-bafd73cde446): ?????? ?? ????
[23:25:21] DoShIk0_00 (80b365d9-399c-383c-8e83-bafd73cde446): ?????
[23:25:40] DoShIk0_00 (80b365d9-399c-383c-8e83-bafd73cde446): ?????
[23:25:49] DoShIk0_00 (80b365d9-399c-383c-8e83-bafd73cde446): ??? ?? ???? ?????
[23:27:02] DoShIk0_00 (80b365d9-399c-383c-8e83-bafd73cde446): ? ?? ??? ???????
[23:27:05] DoShIk0_00 (80b365d9-399c-383c-8e83-bafd73cde446): ?? ?????????
[23:27:23] DoShIk0_00 (80b365d9-399c-383c-8e83-bafd73cde446): ?? ??? ?? ????\
[23:27:25] DoShIk0_00 (80b365d9-399c-383c-8e83-bafd73cde446): ?? ??? ?????
[23:27:38] DoShIk0_00 (80b365d9-399c-383c-8e83-bafd73cde446): ??? ?? ?????? ???? ????
[23:27:39] DoShIk0_00 (80b365d9-399c-383c-8e83-bafd73cde446): ??????
[23:27:44] DoShIk0_00 (80b365d9-399c-383c-8e83-bafd73cde446): ? ??? ????
[23:29:07] DoShIk0_00 (80b365d9-399c-383c-8e83-bafd73cde446): ???????
[23:29:12] DoShIk0_00 (80b365d9-399c-383c-8e83-bafd73cde446): ? ?? 40
[23:29:18] DoShIk0_00 (80b365d9-399c-383c-8e83-bafd73cde446): ?????? ?? 50
[23:29:39] DoShIk0_00 (80b365d9-399c-383c-8e83-bafd73cde446): ???????
[23:29:40] DoShIk0_00 (80b365d9-399c-383c-8e83-bafd73cde446): ????????
[23:31:46] DoShIk0_00 (80b365d9-399c-383c-8e83-bafd73cde446): ???? ?? ???????
[23:31:52] DoShIk0_00 (80b365d9-399c-383c-8e83-bafd73cde446): ??????? ??????? ??????
[23:31:56] DoShIk0_00 (80b365d9-399c-383c-8e83-bafd73cde446): ?????
[23:31:59] DoShIk0_00 (80b365d9-399c-383c-8e83-bafd73cde446): ? ???? ????
[23:32:03] DoShIk0_00 (80b365d9-399c-383c-8e83-bafd73cde446): ?????????
[23:32:13] DoShIk0_00 (80b365d9-399c-383c-8e83-bafd73cde446): ??????? ????
[23:32:15] DoShIk0_00 (80b365d9-399c-383c-8e83-bafd73cde446): ???? ???? ????
[23:33:04] DoShIk0_00 (80b365d9-399c-383c-8e83-bafd73cde446): ????????
[23:33:14] DoShIk0_00 (80b365d9-399c-383c-8e83-bafd73cde446): ?????? ?? ?? ? ??????
[23:33:19] DoShIk0_00 (80b365d9-399c-383c-8e83-bafd73cde446): ?
[23:33:47] DoShIk0_00 (80b365d9-399c-383c-8e83-bafd73cde446): ????????
[23:34:00] DoShIk0_00 (80b365d9-399c-383c-8e83-bafd73cde446): ??????? ?? ?????????
[23:35:27] DoShIk0_00 (80b365d9-399c-383c-8e83-bafd73cde446): ???????
[23:35:35] DoShIk0_00 (80b365d9-399c-383c-8e83-bafd73cde446): ??????
[23:35:45] DoShIk0_00 (80b365d9-399c-383c-8e83-bafd73cde446): ?? ??????? ???? ??????????? ?????????
[23:35:57] DoShIk0_00 (80b365d9-399c-383c-8e83-bafd73cde446): ?????
[23:36:03] DoShIk0_00 (80b365d9-399c-383c-8e83-bafd73cde446): ????? ??????
[23:36:17] DoShIk0_00 (80b365d9-399c-383c-8e83-bafd73cde446): ??? ???
[23:36:48] DoShIk0_00 (80b365d9-399c-383c-8e83-bafd73cde446): ????
[23:36:52] DoShIk0_00 (80b365d9-399c-383c-8e83-bafd73cde446): ??
[23:36:58] DoShIk0_00 (80b365d9-399c-383c-8e83-bafd73cde446): ???????
[23:37:11] DoShIk0_00 (80b365d9-399c-383c-8e83-bafd73cde446): ? ?? ???
[23:37:17] DoShIk0_00 (80b365d9-399c-383c-8e83-bafd73cde446): ?\
[23:37:48] DoShIk0_00 (80b365d9-399c-383c-8e83-bafd73cde446): ???????
[23:38:26] DoShIk0_00 (80b365d9-399c-383c-8e83-bafd73cde446): ? ??? ?? ???????
[23:38:43] DoShIk0_00 (80b365d9-399c-383c-8e83-bafd73cde446): ????
[23:38:46] DoShIk0_00 (80b365d9-399c-383c-8e83-bafd73cde446): ??? ?? ????
[23:38:54] DoShIk0_00 (80b365d9-399c-383c-8e83-bafd73cde446): ???
[23:39:08] DoShIk0_00 (80b365d9-399c-383c-8e83-bafd73cde446): 12 ????????
[23:39:10] DoShIk0_00 (80b365d9-399c-383c-8e83-bafd73cde446): ????
[23:39:12] DoShIk0_00 (80b365d9-399c-383c-8e83-bafd73cde446): ?????? ????????
[23:39:18] DoShIk0_00 (80b365d9-399c-383c-8e83-bafd73cde446): (
[23:39:22] DoShIk0_00 (80b365d9-399c-383c-8e83-bafd73cde446): ? ????
[23:39:41] DoShIk0_00 (80b365d9-399c-383c-8e83-bafd73cde446): ?? ??????
[23:40:22] DoShIk0_00 (80b365d9-399c-383c-8e83-bafd73cde446): ???? ????????
[23:40:59] DoShIk0_00 (80b365d9-399c-383c-8e83-bafd73cde446): ?????? ???? ????????
[23:41:00] DoShIk0_00 (80b365d9-399c-383c-8e83-bafd73cde446): ?? ?? ????
[23:41:12] DoShIk0_00 (80b365d9-399c-383c-8e83-bafd73cde446): ???????????????
[23:41:16] DoShIk0_00 (80b365d9-399c-383c-8e83-bafd73cde446): ??? ?? ??? ?????
[23:41:20] DoShIk0_00 (80b365d9-399c-383c-8e83-bafd73cde446): lay
[23:41:35] DoShIk0_00 (80b365d9-399c-383c-8e83-bafd73cde446): lay
[23:41:45] DoShIk0_00 (80b365d9-399c-383c-8e83-bafd73cde446): ???????????
[23:41:53] DoShIk0_00 (80b365d9-399c-383c-8e83-bafd73cde446): ???
[23:41:58] DoShIk0_00 (80b365d9-399c-383c-8e83-bafd73cde446): ??
[23:42:45] DoShIk0_00 (80b365d9-399c-383c-8e83-bafd73cde446): ???? ????? ? ???? ?????? ???????
[23:42:48] DoShIk0_00 (80b365d9-399c-383c-8e83-bafd73cde446): ????? ??? ?????? ????
[23:42:58] DoShIk0_00 (80b365d9-399c-383c-8e83-bafd73cde446): ? ???? ?? ???????
[23:43:43] DoShIk0_00 (80b365d9-399c-383c-8e83-bafd73cde446): ????????
[23:43:46] DoShIk0_00 (80b365d9-399c-383c-8e83-bafd73cde446): ??????
[23:43:58] DoShIk0_00 (80b365d9-399c-383c-8e83-bafd73cde446): ?????
[23:44:15] DoShIk0_00 (80b365d9-399c-383c-8e83-bafd73cde446): ?? ??? ?????????
[23:44:17] DoShIk0_00 (80b365d9-399c-383c-8e83-bafd73cde446): ???????
[23:44:21] DoShIk0_00 (80b365d9-399c-383c-8e83-bafd73cde446): ?? ????????? ?? ??? 17
[23:44:22] DoShIk0_00 (80b365d9-399c-383c-8e83-bafd73cde446): ??? ??????
[23:44:30] DoShIk0_00 (80b365d9-399c-383c-8e83-bafd73cde446): ?? ?????
[23:44:38] DoShIk0_00 (80b365d9-399c-383c-8e83-bafd73cde446): ???????
[23:44:57] DoShIk0_00 (80b365d9-399c-383c-8e83-bafd73cde446): ? ??????? ??????? ????? ?? ??????? ?????
[23:44:59] DoShIk0_00 (80b365d9-399c-383c-8e83-bafd73cde446): ?????
[23:45:01] DoShIk0_00 (80b365d9-399c-383c-8e83-bafd73cde446): ???
[23:45:09] DoShIk0_00 (80b365d9-399c-383c-8e83-bafd73cde446): ?? ??? ?????????
[23:45:11] DoShIk0_00 (80b365d9-399c-383c-8e83-bafd73cde446): ???????
[23:45:20] DoShIk0_00 (80b365d9-399c-383c-8e83-bafd73cde446): ? ?????? ??????? ???????
[23:45:25] DoShIk0_00 (80b365d9-399c-383c-8e83-bafd73cde446): ???
[23:45:28] DoShIk0_00 (80b365d9-399c-383c-8e83-bafd73cde446): ??? ?????
[23:45:50] DoShIk0_00 (80b365d9-399c-383c-8e83-bafd73cde446): ? ?? ????? ????
[23:45:54] DoShIk0_00 (80b365d9-399c-383c-8e83-bafd73cde446): ?????? ?? ?????????
[23:46:14] DoShIk0_00 (80b365d9-399c-383c-8e83-bafd73cde446): ??? ?????
[23:46:47] DoShIk0_00 (80b365d9-399c-383c-8e83-bafd73cde446): ????
[23:46:49] DoShIk0_00 (80b365d9-399c-383c-8e83-bafd73cde446): ?? ??? ???????
[23:46:55] DoShIk0_00 (80b365d9-399c-383c-8e83-bafd73cde446): ?????????
[23:46:59] DoShIk0_00 (80b365d9-399c-383c-8e83-bafd73cde446): ?? ?? ????
[23:47:03] DoShIk0_00 (80b365d9-399c-383c-8e83-bafd73cde446): ??????
[23:47:25] DoShIk0_00 (80b365d9-399c-383c-8e83-bafd73cde446): ??
[23:47:30] DoShIk0_00 (80b365d9-399c-383c-8e83-bafd73cde446): ??
[23:47:37] DoShIk0_00 (80b365d9-399c-383c-8e83-bafd73cde446): ?? ? ?? ??? ?? ??????
[23:47:40] DoShIk0_00 (80b365d9-399c-383c-8e83-bafd73cde446): ??? ?????????
[23:47:54] DoShIk0_00 (80b365d9-399c-383c-8e83-bafd73cde446): 1471 78 -19
[23:48:02] DoShIk0_00 (80b365d9-399c-383c-8e83-bafd73cde446): ???????
[23:48:58] DoShIk0_00 (80b365d9-399c-383c-8e83-bafd73cde446): ?? ? ???????? ?????????
[23:49:05] DoShIk0_00 (80b365d9-399c-383c-8e83-bafd73cde446): ?? ?????????? ???? ?????
[23:49:14] DoShIk0_00 (80b365d9-399c-383c-8e83-bafd73cde446): ? ????
[23:49:33] DoShIk0_00 (80b365d9-399c-383c-8e83-bafd73cde446): ??
[23:49:35] DoShIk0_00 (80b365d9-399c-383c-8e83-bafd73cde446): ? ??????
[23:49:40] DoShIk0_00 (80b365d9-399c-383c-8e83-bafd73cde446): ? ???? ??? ?????????
[23:49:43] DoShIk0_00 (80b365d9-399c-383c-8e83-bafd73cde446): ??????? ?????-??
[23:49:53] DoShIk0_00 (80b365d9-399c-383c-8e83-bafd73cde446): ????
[23:50:31] DoShIk0_00 (80b365d9-399c-383c-8e83-bafd73cde446): ?????
[23:50:46] DoShIk0_00 (80b365d9-399c-383c-8e83-bafd73cde446): ? ? ??? ?????? ?? ???????? ????? ??? ???????
[23:50:52] DoShIk0_00 (80b365d9-399c-383c-8e83-bafd73cde446): ? ???? ??? ??????? ?????
[23:50:56] DoShIk0_00 (80b365d9-399c-383c-8e83-bafd73cde446): ? ??? ?? ????
[23:51:11] DoShIk0_00 (80b365d9-399c-383c-8e83-bafd73cde446): ?? ? ??????? ?????? 4 ?????? ?????
[23:51:13] DoShIk0_00 (80b365d9-399c-383c-8e83-bafd73cde446): ???
[23:51:15] DoShIk0_00 (80b365d9-399c-383c-8e83-bafd73cde446): ??? ?? ????
[23:51:20] DoShIk0_00 (80b365d9-399c-383c-8e83-bafd73cde446): ????
[23:51:46] DoShIk0_00 (80b365d9-399c-383c-8e83-bafd73cde446): ???? ???????
[23:51:53] DoShIk0_00 (80b365d9-399c-383c-8e83-bafd73cde446): ? ??
[23:51:55] DoShIk0_00 (80b365d9-399c-383c-8e83-bafd73cde446): ?? ?????
[23:52:35] DoShIk0_00 (80b365d9-399c-383c-8e83-bafd73cde446): 1471 78 -19
[23:53:10] DoShIk0_00 (80b365d9-399c-383c-8e83-bafd73cde446): ? ???? ?????????
[23:53:13] DoShIk0_00 (80b365d9-399c-383c-8e83-bafd73cde446): ?? ?????????
[23:53:19] DoShIk0_00 (80b365d9-399c-383c-8e83-bafd73cde446): ??????
[23:53:38] DoShIk0_00 (80b365d9-399c-383c-8e83-bafd73cde446): ???????
[23:53:44] DoShIk0_00 (80b365d9-399c-383c-8e83-bafd73cde446): ?????? ??????
[23:53:48] Cocodjambo (3cc42df8-22d6-3c1f-b277-69b3926f6e43): ??
[23:53:56] Hinakari123 (17d989a5-114c-3037-9970-ca4faa364a08): ??????
[23:54:03] Hinakari123 (17d989a5-114c-3037-9970-ca4faa364a08): ??????
[23:54:24] DoShIk0_00 (80b365d9-399c-383c-8e83-bafd73cde446): ? ????? ????? ???????? ????? ????????
[23:54:45] Cocodjambo (3cc42df8-22d6-3c1f-b277-69b3926f6e43): ?? ???? ????? ??????????? ? ????? ????? ??? ?????????? ??????
[23:54:51] DoShIk0_00 (80b365d9-399c-383c-8e83-bafd73cde446): ??
[23:55:06] Cocodjambo (3cc42df8-22d6-3c1f-b277-69b3926f6e43): ???????, ????? ????? ??????? ????? ?????
[23:55:33] Cocodjambo (3cc42df8-22d6-3c1f-b277-69b3926f6e43): ? ????? ????? ??????? ???? ???
[23:55:35] DoShIk0_00 (80b365d9-399c-383c-8e83-bafd73cde446): ????
[23:55:57] Cocodjambo (3cc42df8-22d6-3c1f-b277-69b3926f6e43): ?????? ?????? ?? ????????
[23:56:09] Cocodjambo (3cc42df8-22d6-3c1f-b277-69b3926f6e43): ?????? ??????? ?? 1???????? ???????
[23:56:15] DoShIk0_00 (80b365d9-399c-383c-8e83-bafd73cde446): ? ?? ???? ? ???? ???
[23:56:18] Cocodjambo (3cc42df8-22d6-3c1f-b277-69b3926f6e43): ?????
[23:56:46] Hinakari123 (17d989a5-114c-3037-9970-ca4faa364a08): ?????? ???? ????????
[23:56:46] Cocodjambo (3cc42df8-22d6-3c1f-b277-69b3926f6e43): ???? ??????? ??????? ????? ?????? ???????, ? ????? ? ?????? ?????? ? ????? ? ?????
[23:56:55] DoShIk0_00 (80b365d9-399c-383c-8e83-bafd73cde446): ??? ?? ????
[23:57:00] DoShIk0_00 (80b365d9-399c-383c-8e83-bafd73cde446): ????
[23:57:01] Hinakari123 (17d989a5-114c-3037-9970-ca4faa364a08): ?????
[23:57:04] Cocodjambo (3cc42df8-22d6-3c1f-b277-69b3926f6e43): ??? ??????
[23:57:17] Hinakari123 (17d989a5-114c-3037-9970-ca4faa364a08): ?? ????????? ? ????
[23:57:27] Hinakari123 (17d989a5-114c-3037-9970-ca4faa364a08): ??????? ? ????
[23:57:41] Hinakari123 (17d989a5-114c-3037-9970-ca4faa364a08): ??? ? ???? ???? ??????
[23:57:43] Cocodjambo (3cc42df8-22d6-3c1f-b277-69b3926f6e43): ???? ?? ????? ???????
[23:57:44] Cocodjambo (3cc42df8-22d6-3c1f-b277-69b3926f6e43): ?
[23:57:49] DoShIk0_00 (80b365d9-399c-383c-8e83-bafd73cde446): ??
[23:57:50] Cocodjambo (3cc42df8-22d6-3c1f-b277-69b3926f6e43): ??? ??????? ????
[23:57:54] Cocodjambo (3cc42df8-22d6-3c1f-b277-69b3926f6e43): ? ????? ??????
[23:58:00] Hinakari123 (17d989a5-114c-3037-9970-ca4faa364a08): ??????????, ????
[23:58:04] DoShIk0_00 (80b365d9-399c-383c-8e83-bafd73cde446): ? ?? ?? ?????? ????????
[23:58:12] Hinakari123 (17d989a5-114c-3037-9970-ca4faa364a08): ??
[23:58:24] DoShIk0_00 (80b365d9-399c-383c-8e83-bafd73cde446): ????
[23:58:28] DoShIk0_00 (80b365d9-399c-383c-8e83-bafd73cde446): ?? ?????? ??????? ???
[23:58:32] Cocodjambo (3cc42df8-22d6-3c1f-b277-69b3926f6e43): ??
[23:58:51] Cocodjambo (3cc42df8-22d6-3c1f-b277-69b3926f6e43): ? ????? ???? ??????, ? ????? ???? ? ?? ?????
[23:58:59] DoShIk0_00 (80b365d9-399c-383c-8e83-bafd73cde446): ????
[23:59:05] Cocodjambo (3cc42df8-22d6-3c1f-b277-69b3926f6e43): ???????? ?????????
[23:59:25] Cocodjambo (3cc42df8-22d6-3c1f-b277-69b3926f6e43): ????
[23:59:26] DoShIk0_00 (80b365d9-399c-383c-8e83-bafd73cde446): ???????
[23:59:55] Cocodjambo (3cc42df8-22d6-3c1f-b277-69b3926f6e43): ??? ??????? ????
[23:59:56] DoShIk0_00 (80b365d9-399c-383c-8e83-bafd73cde446): ? ???? ?????? ??? ????
[23:59:59] DoShIk0_00 (80b365d9-399c-383c-8e83-bafd73cde446): ?? ??????????
