[00:00:00] DoShIk0_00 (80b365d9-399c-383c-8e83-bafd73cde446): ?????
[00:00:03] DoShIk0_00 (80b365d9-399c-383c-8e83-bafd73cde446): ????? ???????
[00:00:04] Cocodjambo (3cc42df8-22d6-3c1f-b277-69b3926f6e43): ??
[00:00:10] Cocodjambo (3cc42df8-22d6-3c1f-b277-69b3926f6e43): 2 ????? ????
[00:00:12] DoShIk0_00 (80b365d9-399c-383c-8e83-bafd73cde446): ?
[00:00:17] DoShIk0_00 (80b365d9-399c-383c-8e83-bafd73cde446): ?? ??? ?????? ??? 100 ???
[00:00:22] Cocodjambo (3cc42df8-22d6-3c1f-b277-69b3926f6e43): ?? ???
[00:00:35] DoShIk0_00 (80b365d9-399c-383c-8e83-bafd73cde446): ????????
[00:00:36] Cocodjambo (3cc42df8-22d6-3c1f-b277-69b3926f6e43): ??
[00:00:48] Cocodjambo (3cc42df8-22d6-3c1f-b277-69b3926f6e43): ????
[00:00:58] DoShIk0_00 (80b365d9-399c-383c-8e83-bafd73cde446): ? ??? ??????? 18?
[00:01:27] DoShIk0_00 (80b365d9-399c-383c-8e83-bafd73cde446): ????
[00:01:31] Hinakari123 (17d989a5-114c-3037-9970-ca4faa364a08): ????
[00:01:35] Cocodjambo (3cc42df8-22d6-3c1f-b277-69b3926f6e43): ??
[00:01:37] DoShIk0_00 (80b365d9-399c-383c-8e83-bafd73cde446): ?? ????????
[00:01:39] Cocodjambo (3cc42df8-22d6-3c1f-b277-69b3926f6e43): ?? ??
[00:01:48] DoShIk0_00 (80b365d9-399c-383c-8e83-bafd73cde446): ???????????
[00:02:07] DoShIk0_00 (80b365d9-399c-383c-8e83-bafd73cde446): ?? ??? ?????? ??????
[00:02:09] DoShIk0_00 (80b365d9-399c-383c-8e83-bafd73cde446): ???? ??? ????
[00:02:45] Cocodjambo (3cc42df8-22d6-3c1f-b277-69b3926f6e43): ??? ????
[00:02:46] DoShIk0_00 (80b365d9-399c-383c-8e83-bafd73cde446): ???????
[00:02:58] DoShIk0_00 (80b365d9-399c-383c-8e83-bafd73cde446): ????
[00:03:02] DoShIk0_00 (80b365d9-399c-383c-8e83-bafd73cde446): ???? ?? ????????
[00:03:19] Cocodjambo (3cc42df8-22d6-3c1f-b277-69b3926f6e43): ??? ??????? ????? ??? ???? ? ???? ??????
[00:03:37] DoShIk0_00 (80b365d9-399c-383c-8e83-bafd73cde446): ? ???? ??? ?????? ???????
[00:03:51] DoShIk0_00 (80b365d9-399c-383c-8e83-bafd73cde446): ??? ?????
[00:04:50] DoShIk0_00 (80b365d9-399c-383c-8e83-bafd73cde446): ????????????
[00:05:16] DoShIk0_00 (80b365d9-399c-383c-8e83-bafd73cde446): ?????
[00:05:18] Cocodjambo (3cc42df8-22d6-3c1f-b277-69b3926f6e43): ? ? ???????? ????? ???????
[00:05:20] DoShIk0_00 (80b365d9-399c-383c-8e83-bafd73cde446): ??? ????? ?????
[00:05:22] Cocodjambo (3cc42df8-22d6-3c1f-b277-69b3926f6e43): ? ? ?? ????
[00:05:23] DoShIk0_00 (80b365d9-399c-383c-8e83-bafd73cde446): ???? ???????
[00:05:49] Hinakari123 (17d989a5-114c-3037-9970-ca4faa364a08): 827 68 -306
[00:06:44] DoShIk0_00 (80b365d9-399c-383c-8e83-bafd73cde446): ??
[00:08:21] DoShIk0_00 (80b365d9-399c-383c-8e83-bafd73cde446): ? ??? ???????
[00:08:46] DoShIk0_00 (80b365d9-399c-383c-8e83-bafd73cde446): ? ?? ??? ??????
[00:08:53] DoShIk0_00 (80b365d9-399c-383c-8e83-bafd73cde446): ??
[00:09:34] DoShIk0_00 (80b365d9-399c-383c-8e83-bafd73cde446): ? ??????? ??????
[00:09:45] DoShIk0_00 (80b365d9-399c-383c-8e83-bafd73cde446): ???
[00:09:58] DoShIk0_00 (80b365d9-399c-383c-8e83-bafd73cde446): ??? ????
[00:11:05] DoShIk0_00 (80b365d9-399c-383c-8e83-bafd73cde446): ?
[00:11:06] DoShIk0_00 (80b365d9-399c-383c-8e83-bafd73cde446): ???
[00:11:42] DoShIk0_00 (80b365d9-399c-383c-8e83-bafd73cde446): ?????? ??????
[00:12:21] DoShIk0_00 (80b365d9-399c-383c-8e83-bafd73cde446): ??? ???
[00:14:03] DoShIk0_00 (80b365d9-399c-383c-8e83-bafd73cde446): ????
[00:14:10] DoShIk0_00 (80b365d9-399c-383c-8e83-bafd73cde446): ???
[00:14:11] [CAPS] DoShIk0_00 (80b365d9-399c-383c-8e83-bafd73cde446): ? ?????
[00:14:16] DoShIk0_00 (80b365d9-399c-383c-8e83-bafd73cde446): ??????????????????????????
[00:14:19] DoShIk0_00 (80b365d9-399c-383c-8e83-bafd73cde446): ? ????????
[00:14:21] DoShIk0_00 (80b365d9-399c-383c-8e83-bafd73cde446): ??????
[00:14:22] DoShIk0_00 (80b365d9-399c-383c-8e83-bafd73cde446): ???????1????
[00:14:26] DoShIk0_00 (80b365d9-399c-383c-8e83-bafd73cde446): !
[00:14:28] DoShIk0_00 (80b365d9-399c-383c-8e83-bafd73cde446): ???
[00:14:30] DoShIk0_00 (80b365d9-399c-383c-8e83-bafd73cde446): ? ??????????
[00:14:44] DoShIk0_00 (80b365d9-399c-383c-8e83-bafd73cde446): ? ????????\
[00:14:45] DoShIk0_00 (80b365d9-399c-383c-8e83-bafd73cde446): ??????
[00:14:56] DoShIk0_00 (80b365d9-399c-383c-8e83-bafd73cde446): ????
[00:15:06] DoShIk0_00 (80b365d9-399c-383c-8e83-bafd73cde446): ????? ?????
[00:15:37] DoShIk0_00 (80b365d9-399c-383c-8e83-bafd73cde446): ??????
[00:15:41] DoShIk0_00 (80b365d9-399c-383c-8e83-bafd73cde446): ? ??????????
[00:15:43] DoShIk0_00 (80b365d9-399c-383c-8e83-bafd73cde446): ? ???????????
[00:16:03] DoShIk0_00 (80b365d9-399c-383c-8e83-bafd73cde446): ???
[00:17:18] DoShIk0_00 (80b365d9-399c-383c-8e83-bafd73cde446): ????
[00:17:23] DoShIk0_00 (80b365d9-399c-383c-8e83-bafd73cde446): ??? ?? ???????????
[00:17:27] DoShIk0_00 (80b365d9-399c-383c-8e83-bafd73cde446): ?? ??? ??
[00:17:29] DoShIk0_00 (80b365d9-399c-383c-8e83-bafd73cde446): ??? ??? ???
[00:17:36] DoShIk0_00 (80b365d9-399c-383c-8e83-bafd73cde446): ??? ????????
[00:17:38] DoShIk0_00 (80b365d9-399c-383c-8e83-bafd73cde446): ? ????
[00:19:08] DoShIk0_00 (80b365d9-399c-383c-8e83-bafd73cde446): ????? ??? ??????? ????????
[00:19:18] DoShIk0_00 (80b365d9-399c-383c-8e83-bafd73cde446): ??? ????
[00:19:19] DoShIk0_00 (80b365d9-399c-383c-8e83-bafd73cde446): 9
[00:20:09] DoShIk0_00 (80b365d9-399c-383c-8e83-bafd73cde446): ????
[00:20:11] DoShIk0_00 (80b365d9-399c-383c-8e83-bafd73cde446): ????? ????? ???
[00:20:13] DoShIk0_00 (80b365d9-399c-383c-8e83-bafd73cde446): ? ???? ???????
[00:20:25] DoShIk0_00 (80b365d9-399c-383c-8e83-bafd73cde446): ???????????
[00:20:50] DoShIk0_00 (80b365d9-399c-383c-8e83-bafd73cde446): ???? ?????
[00:21:13] DoShIk0_00 (80b365d9-399c-383c-8e83-bafd73cde446): ?????
[00:21:17] DoShIk0_00 (80b365d9-399c-383c-8e83-bafd73cde446): ?? ?????? ???????
[00:21:31] DoShIk0_00 (80b365d9-399c-383c-8e83-bafd73cde446): ???????
[00:22:12] DoShIk0_00 (80b365d9-399c-383c-8e83-bafd73cde446): ?
[00:22:17] DoShIk0_00 (80b365d9-399c-383c-8e83-bafd73cde446): ?
[00:22:34] DoShIk0_00 (80b365d9-399c-383c-8e83-bafd73cde446): ?????? ????? ?? ????
[00:24:00] DoShIk0_00 (80b365d9-399c-383c-8e83-bafd73cde446): ????? ????
[00:24:08] DoShIk0_00 (80b365d9-399c-383c-8e83-bafd73cde446): ??? ???? ????
[00:24:13] DoShIk0_00 (80b365d9-399c-383c-8e83-bafd73cde446): ??????? ?????
[00:26:02] DoShIk0_00 (80b365d9-399c-383c-8e83-bafd73cde446): ? ??? ???? ???????
[00:26:08] DoShIk0_00 (80b365d9-399c-383c-8e83-bafd73cde446): ???
[00:26:15] DoShIk0_00 (80b365d9-399c-383c-8e83-bafd73cde446): ?????
[00:27:04] DoShIk0_00 (80b365d9-399c-383c-8e83-bafd73cde446): ????? ? ????? ???????
[00:27:07] DoShIk0_00 (80b365d9-399c-383c-8e83-bafd73cde446): ?? ????????
[00:27:47] DoShIk0_00 (80b365d9-399c-383c-8e83-bafd73cde446): ???
[00:28:52] Cocodjambo (3cc42df8-22d6-3c1f-b277-69b3926f6e43): jobs join
[00:29:04] Cocodjambo (3cc42df8-22d6-3c1f-b277-69b3926f6e43): 2 ?????? ????????
[00:29:24] DoShIk0_00 (80b365d9-399c-383c-8e83-bafd73cde446): ???? ? ???????? ????? ????? ?????
[00:29:33] DoShIk0_00 (80b365d9-399c-383c-8e83-bafd73cde446): ??? 1
[00:29:43] DoShIk0_00 (80b365d9-399c-383c-8e83-bafd73cde446): ????
[00:29:46] DoShIk0_00 (80b365d9-399c-383c-8e83-bafd73cde446): ?? ?? ?? ?????
[00:29:53] DoShIk0_00 (80b365d9-399c-383c-8e83-bafd73cde446): ?
[00:29:55] DoShIk0_00 (80b365d9-399c-383c-8e83-bafd73cde446): ??? ???
[00:30:20] Cocodjambo (3cc42df8-22d6-3c1f-b277-69b3926f6e43): ???? ???? ????????
[00:30:21] DoShIk0_00 (80b365d9-399c-383c-8e83-bafd73cde446): ? ??????
[00:30:26] DoShIk0_00 (80b365d9-399c-383c-8e83-bafd73cde446): ? ?? ??????? ????????
[00:30:28] DoShIk0_00 (80b365d9-399c-383c-8e83-bafd73cde446): ????
[00:31:06] Cocodjambo (3cc42df8-22d6-3c1f-b277-69b3926f6e43): ??????? ? ???? ???? ???
[00:31:38] DoShIk0_00 (80b365d9-399c-383c-8e83-bafd73cde446): ? ??? ???????? ????????
[00:32:00] Cocodjambo (3cc42df8-22d6-3c1f-b277-69b3926f6e43): ?? ???????? ????? ? ?? ??????? ???????? ?????? ???????? ??????
[00:32:07] DoShIk0_00 (80b365d9-399c-383c-8e83-bafd73cde446): ? ???????? ??? ?? ????? ?????
[00:32:08] DoShIk0_00 (80b365d9-399c-383c-8e83-bafd73cde446): ??? ?????
[00:32:13] DoShIk0_00 (80b365d9-399c-383c-8e83-bafd73cde446): ??? ????
[00:32:17] Cocodjambo (3cc42df8-22d6-3c1f-b277-69b3926f6e43): ??? ????? ???????? ??????
[00:32:19] DoShIk0_00 (80b365d9-399c-383c-8e83-bafd73cde446): ?? ????
[00:33:36] SirTools (adf35fa2-0926-30d5-92f8-8c57c0b521be): /lay
[00:33:36] DoShIk0_00 (80b365d9-399c-383c-8e83-bafd73cde446): ??????? ????
[10:55:29] kaslon (ec5c596a-d73c-3280-95c6-3d8d456bdd06): ??????
[10:55:34] kaslon (ec5c596a-d73c-3280-95c6-3d8d456bdd06): ??????
[10:55:39] ZvezdoChyot (0156eefb-549d-3eb2-a166-92582bc05e99): ????
[11:00:43] ZvezdoChyot (0156eefb-549d-3eb2-a166-92582bc05e99): ???
[11:00:50] ZvezdoChyot (0156eefb-549d-3eb2-a166-92582bc05e99): ??????? ????????
[11:00:54] kaslon (ec5c596a-d73c-3280-95c6-3d8d456bdd06): ???
[11:01:25] ZvezdoChyot (0156eefb-549d-3eb2-a166-92582bc05e99): ? ?? ????????
[11:01:36] kaslon (ec5c596a-d73c-3280-95c6-3d8d456bdd06): ??, ????? ?????
[11:01:56] ZvezdoChyot (0156eefb-549d-3eb2-a166-92582bc05e99): ???? ? ??????? ??????
[11:02:07] kaslon (ec5c596a-d73c-3280-95c6-3d8d456bdd06): ? ??????
[11:03:01] ZvezdoChyot (0156eefb-549d-3eb2-a166-92582bc05e99): ???? ? ????? ??? ??? ?????
[11:03:06] kaslon (ec5c596a-d73c-3280-95c6-3d8d456bdd06): ???
[11:03:10] ZvezdoChyot (0156eefb-549d-3eb2-a166-92582bc05e99): ?????? ???? ???? ?? ????? ???????
[11:03:19] kaslon (ec5c596a-d73c-3280-95c6-3d8d456bdd06): ?? ??
[11:03:20] ZvezdoChyot (0156eefb-549d-3eb2-a166-92582bc05e99): ??? ??? MMORPG
[11:03:33] kaslon (ec5c596a-d73c-3280-95c6-3d8d456bdd06): ?? ??? ?? ??? ????? ????? ????? ???? ???????
[11:03:40] ZvezdoChyot (0156eefb-549d-3eb2-a166-92582bc05e99): ????? ??? ????? ????????? ?????
[11:03:53] ZvezdoChyot (0156eefb-549d-3eb2-a166-92582bc05e99): ??????? ? ????? ? ? ???????? ?????
[11:04:34] kaslon (ec5c596a-d73c-3280-95c6-3d8d456bdd06): ??? ?????? ???? ???? ????????, ? ????? ????? ????? ???????, ? ????? ????? ???????
[11:04:41] ZvezdoChyot (0156eefb-549d-3eb2-a166-92582bc05e99): ??
[11:04:47] kaslon (ec5c596a-d73c-3280-95c6-3d8d456bdd06): ?? ?????? ?? ?? 3-4 ????
[11:04:55] kaslon (ec5c596a-d73c-3280-95c6-3d8d456bdd06): ?????? ??? ?? ????? ?????
[11:04:56] ZvezdoChyot (0156eefb-549d-3eb2-a166-92582bc05e99): ??
[11:05:02] ZvezdoChyot (0156eefb-549d-3eb2-a166-92582bc05e99): ? ?? ????
[11:05:13] kaslon (ec5c596a-d73c-3280-95c6-3d8d456bdd06): ???, ?????? ??????? ??????
[11:05:30] ZvezdoChyot (0156eefb-549d-3eb2-a166-92582bc05e99): ? ????? ?????????
[11:05:38] kaslon (ec5c596a-d73c-3280-95c6-3d8d456bdd06): ????? 2 ??????
[11:05:56] ZvezdoChyot (0156eefb-549d-3eb2-a166-92582bc05e99): ????? ????? ????????
[11:10:25] kaslon (ec5c596a-d73c-3280-95c6-3d8d456bdd06): ??????
[11:10:33] ZvezdoChyot (0156eefb-549d-3eb2-a166-92582bc05e99): qq
[11:10:40] kaslon (ec5c596a-d73c-3280-95c6-3d8d456bdd06): ?? ? ???????
[11:10:43] kaslon (ec5c596a-d73c-3280-95c6-3d8d456bdd06): ????
[11:11:00] ZvezdoChyot (0156eefb-549d-3eb2-a166-92582bc05e99): ? ??? ?? ??? ? ????????
[11:11:12] kaslon (ec5c596a-d73c-3280-95c6-3d8d456bdd06): ? ?? ??? ?????? ???????...
[11:16:09] kaslon (ec5c596a-d73c-3280-95c6-3d8d456bdd06): ? ? ????? ?????
[11:16:17] ZvezdoChyot (0156eefb-549d-3eb2-a166-92582bc05e99): ? ???
[11:16:58] ZvezdoChyot (0156eefb-549d-3eb2-a166-92582bc05e99): ????
[11:17:04] ZvezdoChyot (0156eefb-549d-3eb2-a166-92582bc05e99): ?? ?????? ?????????
[11:17:12] kaslon (ec5c596a-d73c-3280-95c6-3d8d456bdd06): ? ?? ?????
[11:46:49] kaslon (ec5c596a-d73c-3280-95c6-3d8d456bdd06): ? ???? ?????? ??? ??????
[11:46:55] ZvezdoChyot (0156eefb-549d-3eb2-a166-92582bc05e99): ??
[11:50:41] kaslon (ec5c596a-d73c-3280-95c6-3d8d456bdd06): ? ??? ??????? ????
[11:50:58] ZvezdoChyot (0156eefb-549d-3eb2-a166-92582bc05e99): ????? ?????? ????????????
[11:51:06] kaslon (ec5c596a-d73c-3280-95c6-3d8d456bdd06): ? ???
[12:11:58] kaslon (ec5c596a-d73c-3280-95c6-3d8d456bdd06): ? ?????? ?????? ? ???????????..
[12:12:09] ZvezdoChyot (0156eefb-549d-3eb2-a166-92582bc05e99): ?? ? ??? ????? ????????
[12:12:15] kaslon (ec5c596a-d73c-3280-95c6-3d8d456bdd06): ?????, ???? ????? ????
[15:17:35] rokstarprt (cbedbe40-7ff0-3177-bdc4-8008a5ce96cf): ???????
[15:17:43] DoShIk0_00 (80b365d9-399c-383c-8e83-bafd73cde446): ????? ??????
[15:17:50] rokstarprt (cbedbe40-7ff0-3177-bdc4-8008a5ce96cf): ??????
[15:17:58] rokstarprt (cbedbe40-7ff0-3177-bdc4-8008a5ce96cf): ???????? ???????
[15:18:04] DoShIk0_00 (80b365d9-399c-383c-8e83-bafd73cde446): ??? ??
[15:18:17] rokstarprt (cbedbe40-7ff0-3177-bdc4-8008a5ce96cf): ????? ?? ????????
[15:18:25] rokstarprt (cbedbe40-7ff0-3177-bdc4-8008a5ce96cf): ????? ?? ????????
[15:20:05] rokstarprt (cbedbe40-7ff0-3177-bdc4-8008a5ce96cf): ???????? ???? ????? ????????
[15:20:10] rokstarprt (cbedbe40-7ff0-3177-bdc4-8008a5ce96cf): ???????? ???? ????? ????????
[15:21:01] rokstarprt (cbedbe40-7ff0-3177-bdc4-8008a5ce96cf): ?
[15:21:04] rokstarprt (cbedbe40-7ff0-3177-bdc4-8008a5ce96cf): ??
[15:21:42] DoShIk0_00 (80b365d9-399c-383c-8e83-bafd73cde446): ?????
[15:21:46] DoShIk0_00 (80b365d9-399c-383c-8e83-bafd73cde446): ??? ?? ????
[15:21:54] rokstarprt (cbedbe40-7ff0-3177-bdc4-8008a5ce96cf): ?? ??? ??? ???????
[15:21:58] rokstarprt (cbedbe40-7ff0-3177-bdc4-8008a5ce96cf): ?? ??? ??? ???????
[15:22:18] DoShIk0_00 (80b365d9-399c-383c-8e83-bafd73cde446): ??
[15:26:41] rokstarprt (cbedbe40-7ff0-3177-bdc4-8008a5ce96cf): ????
[15:26:43] rokstarprt (cbedbe40-7ff0-3177-bdc4-8008a5ce96cf): ????
[15:26:48] DoShIk0_00 (80b365d9-399c-383c-8e83-bafd73cde446): ??
[15:26:54] rokstarprt (cbedbe40-7ff0-3177-bdc4-8008a5ce96cf): ??? ??????? ????
[15:27:02] DoShIk0_00 (80b365d9-399c-383c-8e83-bafd73cde446): delhome ?????
[15:27:12] rokstarprt (cbedbe40-7ff0-3177-bdc4-8008a5ce96cf): ?? ???????? ???
[15:27:19] DoShIk0_00 (80b365d9-399c-383c-8e83-bafd73cde446): ?? ????? ?? ????
[15:27:45] rokstarprt (cbedbe40-7ff0-3177-bdc4-8008a5ce96cf): ?????
[15:30:16] rokstarprt (cbedbe40-7ff0-3177-bdc4-8008a5ce96cf): ????? ????????
[15:30:23] rokstarprt (cbedbe40-7ff0-3177-bdc4-8008a5ce96cf): ????? ????????
[21:08:13] SirMafioznik (15ed1ec9-09be-3013-be0f-9b1a50f13b36): ?
[23:45:01] DoShIk0_00 (80b365d9-399c-383c-8e83-bafd73cde446): j
[23:45:13] DoShIk0_00 (80b365d9-399c-383c-8e83-bafd73cde446): yfikf
[23:45:15] DoShIk0_00 (80b365d9-399c-383c-8e83-bafd73cde446): ?????
[23:45:38] DoShIk0_00 (80b365d9-399c-383c-8e83-bafd73cde446): ?? ?????? ????? ??????? ?????
[23:45:40] DoShIk0_00 (80b365d9-399c-383c-8e83-bafd73cde446): ? ??????????
[23:46:02] DoShIk0_00 (80b365d9-399c-383c-8e83-bafd73cde446): ? ??? ??? ??????
[23:46:11] DoShIk0_00 (80b365d9-399c-383c-8e83-bafd73cde446): ?? ? ??????
[23:46:14] DoShIk0_00 (80b365d9-399c-383c-8e83-bafd73cde446): ???????? ????????
[23:46:40] DoShIk0_00 (80b365d9-399c-383c-8e83-bafd73cde446): ? ??????? ?????
[23:46:46] DoShIk0_00 (80b365d9-399c-383c-8e83-bafd73cde446): ? ?? 2
[23:46:53] DoShIk0_00 (80b365d9-399c-383c-8e83-bafd73cde446): ??? ???????
[23:47:30] DoShIk0_00 (80b365d9-399c-383c-8e83-bafd73cde446): ??
[23:47:33] DoShIk0_00 (80b365d9-399c-383c-8e83-bafd73cde446): ? ???? ?? ??????????
[23:47:35] DoShIk0_00 (80b365d9-399c-383c-8e83-bafd73cde446): ? ????????
[23:47:46] DoShIk0_00 (80b365d9-399c-383c-8e83-bafd73cde446): ??? ????? ???? ?????? ???
[23:47:49] DoShIk0_00 (80b365d9-399c-383c-8e83-bafd73cde446): ????? ??????????
[23:48:00] DoShIk0_00 (80b365d9-399c-383c-8e83-bafd73cde446): ????
[23:48:05] DoShIk0_00 (80b365d9-399c-383c-8e83-bafd73cde446): ?? ????
[23:48:07] DoShIk0_00 (80b365d9-399c-383c-8e83-bafd73cde446): ???
[23:48:33] DoShIk0_00 (80b365d9-399c-383c-8e83-bafd73cde446): ???? ??? ?????????
[23:48:35] DoShIk0_00 (80b365d9-399c-383c-8e83-bafd73cde446): ??
[23:49:00] DoShIk0_00 (80b365d9-399c-383c-8e83-bafd73cde446): 120 ????
[23:49:13] DoShIk0_00 (80b365d9-399c-383c-8e83-bafd73cde446): ??
[23:49:16] DoShIk0_00 (80b365d9-399c-383c-8e83-bafd73cde446): ?????
[23:49:29] DoShIk0_00 (80b365d9-399c-383c-8e83-bafd73cde446): ???????
[23:49:47] DoShIk0_00 (80b365d9-399c-383c-8e83-bafd73cde446): ??
[23:50:10] DoShIk0_00 (80b365d9-399c-383c-8e83-bafd73cde446): ? ??? ?? ??????? ???????
[23:50:12] DoShIk0_00 (80b365d9-399c-383c-8e83-bafd73cde446): ??
[23:50:45] DoShIk0_00 (80b365d9-399c-383c-8e83-bafd73cde446): ? ? ?? ????
[23:50:48] DoShIk0_00 (80b365d9-399c-383c-8e83-bafd73cde446): ???? ???????? ?????????
[23:50:54] DoShIk0_00 (80b365d9-399c-383c-8e83-bafd73cde446): ????
[23:51:43] DoShIk0_00 (80b365d9-399c-383c-8e83-bafd73cde446): ?
[23:51:52] DoShIk0_00 (80b365d9-399c-383c-8e83-bafd73cde446): ? ??? ???
[23:51:55] DoShIk0_00 (80b365d9-399c-383c-8e83-bafd73cde446): ?? ????
[23:52:01] DoShIk0_00 (80b365d9-399c-383c-8e83-bafd73cde446): ??
[23:52:23] DoShIk0_00 (80b365d9-399c-383c-8e83-bafd73cde446): ?????
[23:52:25] DoShIk0_00 (80b365d9-399c-383c-8e83-bafd73cde446): ????? ? ????
[23:52:30] DoShIk0_00 (80b365d9-399c-383c-8e83-bafd73cde446): ??? ???
[23:52:53] DoShIk0_00 (80b365d9-399c-383c-8e83-bafd73cde446): ? ?? ?
[23:53:02] DoShIk0_00 (80b365d9-399c-383c-8e83-bafd73cde446): ??
[23:53:23] DoShIk0_00 (80b365d9-399c-383c-8e83-bafd73cde446): ? ?? ????? ??? ???????
[23:53:39] DoShIk0_00 (80b365d9-399c-383c-8e83-bafd73cde446): ? ??? ?????? ??? ????
[23:53:40] DoShIk0_00 (80b365d9-399c-383c-8e83-bafd73cde446): ??? ?
[23:53:44] DoShIk0_00 (80b365d9-399c-383c-8e83-bafd73cde446): ?? ??? ????????
[23:54:05] DoShIk0_00 (80b365d9-399c-383c-8e83-bafd73cde446): ?? ???????
[23:54:11] DoShIk0_00 (80b365d9-399c-383c-8e83-bafd73cde446): ?????
[23:54:18] DoShIk0_00 (80b365d9-399c-383c-8e83-bafd73cde446): ??
[23:54:56] DoShIk0_00 (80b365d9-399c-383c-8e83-bafd73cde446): ????
[23:54:59] DoShIk0_00 (80b365d9-399c-383c-8e83-bafd73cde446): ?????
[23:56:14] DoShIk0_00 (80b365d9-399c-383c-8e83-bafd73cde446): ???
[23:56:33] DoShIk0_00 (80b365d9-399c-383c-8e83-bafd73cde446): ?????? ????????? ??? ?????
[23:56:36] DoShIk0_00 (80b365d9-399c-383c-8e83-bafd73cde446): ????????? ? ??????
[23:57:00] DoShIk0_00 (80b365d9-399c-383c-8e83-bafd73cde446): ? ??? ??? ? ???? ????
[23:57:05] DoShIk0_00 (80b365d9-399c-383c-8e83-bafd73cde446): ??? ???????? ?????? ????
[23:57:26] DoShIk0_00 (80b365d9-399c-383c-8e83-bafd73cde446): ?????
[23:57:40] DoShIk0_00 (80b365d9-399c-383c-8e83-bafd73cde446): ?? ????
[23:57:56] DoShIk0_00 (80b365d9-399c-383c-8e83-bafd73cde446): ? ????? ? ?????
[23:58:07] DoShIk0_00 (80b365d9-399c-383c-8e83-bafd73cde446): ? ?????? ?? ???????????? ?????
[23:58:10] DoShIk0_00 (80b365d9-399c-383c-8e83-bafd73cde446): ?????? ????
[23:59:28] DoShIk0_00 (80b365d9-399c-383c-8e83-bafd73cde446): ? ??? ????
[23:59:33] DoShIk0_00 (80b365d9-399c-383c-8e83-bafd73cde446): ????
