[00:39:45] Cocodjambo (3cc42df8-22d6-3c1f-b277-69b3926f6e43): ???
[00:39:51] Cocodjambo (3cc42df8-22d6-3c1f-b277-69b3926f6e43): ?? ?? ?????
[00:39:57] Eit0_ (dd60f8ae-d292-3b52-acb2-c861c0758805): ?? ????
[00:39:59] Eit0_ (dd60f8ae-d292-3b52-acb2-c861c0758805): ?? ??????
[00:40:10] Cocodjambo (3cc42df8-22d6-3c1f-b277-69b3926f6e43): ? ?? ???
[00:40:18] Eit0_ (dd60f8ae-d292-3b52-acb2-c861c0758805): ???-?? ??? ??????????
[00:40:28] Eit0_ (dd60f8ae-d292-3b52-acb2-c861c0758805): ???????? ??? ?????? ?????? ????? ???????? ???????
[00:40:41] Cocodjambo (3cc42df8-22d6-3c1f-b277-69b3926f6e43): ??????
[00:40:52] Eit0_ (dd60f8ae-d292-3b52-acb2-c861c0758805): ??????? ? ????
[00:40:53] Cocodjambo (3cc42df8-22d6-3c1f-b277-69b3926f6e43): ? ? ??? ????????? ?????? ???
[00:40:56] Eit0_ (dd60f8ae-d292-3b52-acb2-c861c0758805): ?? ? ??????? ????)
[00:41:00] Cocodjambo (3cc42df8-22d6-3c1f-b277-69b3926f6e43): ? ????
[00:41:06] Eit0_ (dd60f8ae-d292-3b52-acb2-c861c0758805): ? ?? ??
[00:41:14] Cocodjambo (3cc42df8-22d6-3c1f-b277-69b3926f6e43): ? ??? ???
[00:41:17] Cocodjambo (3cc42df8-22d6-3c1f-b277-69b3926f6e43): ????? ???
[00:41:29] Eit0_ (dd60f8ae-d292-3b52-acb2-c861c0758805): ??????
[00:42:10] Cocodjambo (3cc42df8-22d6-3c1f-b277-69b3926f6e43): ? ??? ????? ? ???????? ??????? ???????? ??? ??????
[00:42:16] Cocodjambo (3cc42df8-22d6-3c1f-b277-69b3926f6e43): ?? ?? ?? ????? ?
[00:42:27] Eit0_ (dd60f8ae-d292-3b52-acb2-c861c0758805): ???
[08:49:08] SirTools (adf35fa2-0926-30d5-92f8-8c57c0b521be): -20 146 -30
[12:13:16] Cocodjambo (3cc42df8-22d6-3c1f-b277-69b3926f6e43): ? ??
