[00:00:16] DoShIk0_00 (80b365d9-399c-383c-8e83-bafd73cde446): ??
[00:01:27] DoShIk0_00 (80b365d9-399c-383c-8e83-bafd73cde446): ???
[00:01:39] DoShIk0_00 (80b365d9-399c-383c-8e83-bafd73cde446): ???????
[00:02:10] DoShIk0_00 (80b365d9-399c-383c-8e83-bafd73cde446): ???????
[00:02:18] DoShIk0_00 (80b365d9-399c-383c-8e83-bafd73cde446): ?? ????
[00:02:35] DoShIk0_00 (80b365d9-399c-383c-8e83-bafd73cde446): ?? ????? ? ??????? ????????
[00:02:47] DoShIk0_00 (80b365d9-399c-383c-8e83-bafd73cde446): ??? ??? ??????? ?????????
[00:02:50] DoShIk0_00 (80b365d9-399c-383c-8e83-bafd73cde446): ?? ???? ? ??????
[00:02:53] DoShIk0_00 (80b365d9-399c-383c-8e83-bafd73cde446): ? ? ???????
[00:02:54] DoShIk0_00 (80b365d9-399c-383c-8e83-bafd73cde446): ???????????
[00:03:02] DoShIk0_00 (80b365d9-399c-383c-8e83-bafd73cde446): ??? ????? ???
[00:03:26] DoShIk0_00 (80b365d9-399c-383c-8e83-bafd73cde446): ????? 2 ???? ?? ????? ???????
[00:04:43] DoShIk0_00 (80b365d9-399c-383c-8e83-bafd73cde446): ? ??? ?????? ????
[00:04:54] DoShIk0_00 (80b365d9-399c-383c-8e83-bafd73cde446): ??????
[00:05:02] DoShIk0_00 (80b365d9-399c-383c-8e83-bafd73cde446): ?? ?? ????
[00:05:18] DoShIk0_00 (80b365d9-399c-383c-8e83-bafd73cde446): ? ???? ? ???? ?? ???? ??
[00:05:25] DoShIk0_00 (80b365d9-399c-383c-8e83-bafd73cde446): ??
[00:05:36] DoShIk0_00 (80b365d9-399c-383c-8e83-bafd73cde446): ??
[00:05:50] DoShIk0_00 (80b365d9-399c-383c-8e83-bafd73cde446): ? ??? ??? ?????
[00:05:56] DoShIk0_00 (80b365d9-399c-383c-8e83-bafd73cde446): ????
[00:06:02] DoShIk0_00 (80b365d9-399c-383c-8e83-bafd73cde446): ? ??????? ?? ????????? ????
[00:06:05] DoShIk0_00 (80b365d9-399c-383c-8e83-bafd73cde446): ? ??????
[00:06:17] DoShIk0_00 (80b365d9-399c-383c-8e83-bafd73cde446): ?
[00:06:18] DoShIk0_00 (80b365d9-399c-383c-8e83-bafd73cde446): ???
[00:06:21] DoShIk0_00 (80b365d9-399c-383c-8e83-bafd73cde446): ????? ?? ????
[00:06:22] DoShIk0_00 (80b365d9-399c-383c-8e83-bafd73cde446): ?????
[00:07:32] DoShIk0_00 (80b365d9-399c-383c-8e83-bafd73cde446): ??????
[00:07:37] DoShIk0_00 (80b365d9-399c-383c-8e83-bafd73cde446): ??? ????????
[00:07:42] DoShIk0_00 (80b365d9-399c-383c-8e83-bafd73cde446): ?????? ?????? ???? ????? ?????
[00:07:48] DoShIk0_00 (80b365d9-399c-383c-8e83-bafd73cde446): ?? ????????? ??? ?? ??????
[00:08:20] DoShIk0_00 (80b365d9-399c-383c-8e83-bafd73cde446): ? ?? ???????
[00:08:24] DoShIk0_00 (80b365d9-399c-383c-8e83-bafd73cde446): ? ?? ???? ??? ???
[00:08:39] DoShIk0_00 (80b365d9-399c-383c-8e83-bafd73cde446): ? ??? ??????? ???? ?? ??????
[00:08:44] DoShIk0_00 (80b365d9-399c-383c-8e83-bafd73cde446): ??? ?? ???????????
[00:08:45] DoShIk0_00 (80b365d9-399c-383c-8e83-bafd73cde446): ????
[00:08:49] DoShIk0_00 (80b365d9-399c-383c-8e83-bafd73cde446): ????
[00:08:58] DoShIk0_00 (80b365d9-399c-383c-8e83-bafd73cde446): ? ????????? ??? ?? ???????
[00:09:05] DoShIk0_00 (80b365d9-399c-383c-8e83-bafd73cde446): ??
[00:09:11] DoShIk0_00 (80b365d9-399c-383c-8e83-bafd73cde446): ?????? ??? ? ??? ???? ??????
[00:09:25] DoShIk0_00 (80b365d9-399c-383c-8e83-bafd73cde446): ???\
[00:09:27] DoShIk0_00 (80b365d9-399c-383c-8e83-bafd73cde446): ??? ??? ?? ???? ????
[00:09:35] DoShIk0_00 (80b365d9-399c-383c-8e83-bafd73cde446): ??
[00:09:37] DoShIk0_00 (80b365d9-399c-383c-8e83-bafd73cde446): ??? ? ???????
[00:09:39] DoShIk0_00 (80b365d9-399c-383c-8e83-bafd73cde446): ??
[00:09:55] DoShIk0_00 (80b365d9-399c-383c-8e83-bafd73cde446): ????? ?????
[00:10:56] DoShIk0_00 (80b365d9-399c-383c-8e83-bafd73cde446): ??
[00:11:14] DoShIk0_00 (80b365d9-399c-383c-8e83-bafd73cde446): ????
[00:11:18] DoShIk0_00 (80b365d9-399c-383c-8e83-bafd73cde446): ? ???? ???????
[00:11:22] DoShIk0_00 (80b365d9-399c-383c-8e83-bafd73cde446): ??????
[00:11:25] DoShIk0_00 (80b365d9-399c-383c-8e83-bafd73cde446): ??
[00:12:05] DoShIk0_00 (80b365d9-399c-383c-8e83-bafd73cde446): ? ?????? ??? ??????????
[00:12:35] DoShIk0_00 (80b365d9-399c-383c-8e83-bafd73cde446): ? ???? ??????7
[00:12:36] DoShIk0_00 (80b365d9-399c-383c-8e83-bafd73cde446): ?
[00:12:37] DoShIk0_00 (80b365d9-399c-383c-8e83-bafd73cde446): ?
[00:12:40] DoShIk0_00 (80b365d9-399c-383c-8e83-bafd73cde446): ??? ???
[00:12:42] DoShIk0_00 (80b365d9-399c-383c-8e83-bafd73cde446): ?????
[00:12:42] DoShIk0_00 (80b365d9-399c-383c-8e83-bafd73cde446): ??
[00:14:43] DoShIk0_00 (80b365d9-399c-383c-8e83-bafd73cde446): ?????? ?? ????????
[00:15:19] DoShIk0_00 (80b365d9-399c-383c-8e83-bafd73cde446): ?
[00:15:35] DoShIk0_00 (80b365d9-399c-383c-8e83-bafd73cde446): ? ???? ?????????? ?? ????
[00:15:50] DoShIk0_00 (80b365d9-399c-383c-8e83-bafd73cde446): ? ???? ???-?? ???????? ???????
[00:16:01] DoShIk0_00 (80b365d9-399c-383c-8e83-bafd73cde446): ????
[00:16:09] DoShIk0_00 (80b365d9-399c-383c-8e83-bafd73cde446): ?? ???
[00:17:00] DoShIk0_00 (80b365d9-399c-383c-8e83-bafd73cde446): ???
[00:17:16] DoShIk0_00 (80b365d9-399c-383c-8e83-bafd73cde446): ??? ????? ???????? ? ??????? ?????
[00:18:14] DoShIk0_00 (80b365d9-399c-383c-8e83-bafd73cde446): 4
[00:18:26] DoShIk0_00 (80b365d9-399c-383c-8e83-bafd73cde446): ? ????? ?????
[00:19:11] DoShIk0_00 (80b365d9-399c-383c-8e83-bafd73cde446): ?? ???? ???
[00:19:12] DoShIk0_00 (80b365d9-399c-383c-8e83-bafd73cde446): ???
[00:19:22] DoShIk0_00 (80b365d9-399c-383c-8e83-bafd73cde446): ? ? ?????? ?????
[00:19:25] DoShIk0_00 (80b365d9-399c-383c-8e83-bafd73cde446): ?????? ? ???????
[00:19:29] DoShIk0_00 (80b365d9-399c-383c-8e83-bafd73cde446): ????? ???????
[00:20:10] DoShIk0_00 (80b365d9-399c-383c-8e83-bafd73cde446): ??
[00:20:18] DoShIk0_00 (80b365d9-399c-383c-8e83-bafd73cde446): ? ?????? ?? ???????
[00:20:52] DoShIk0_00 (80b365d9-399c-383c-8e83-bafd73cde446): ? ??? ?? ???? ???????
[00:21:26] DoShIk0_00 (80b365d9-399c-383c-8e83-bafd73cde446): ??
[00:21:29] DoShIk0_00 (80b365d9-399c-383c-8e83-bafd73cde446): ?? ??????
[00:21:30] DoShIk0_00 (80b365d9-399c-383c-8e83-bafd73cde446): ??
[00:21:31] DoShIk0_00 (80b365d9-399c-383c-8e83-bafd73cde446): ? ??????
[00:21:33] DoShIk0_00 (80b365d9-399c-383c-8e83-bafd73cde446): ?? ??????
[00:21:36] DoShIk0_00 (80b365d9-399c-383c-8e83-bafd73cde446): ?????? ??? ????? ? ?? ??
[00:21:40] DoShIk0_00 (80b365d9-399c-383c-8e83-bafd73cde446): ? ????? ????? ? ????
[00:21:46] DoShIk0_00 (80b365d9-399c-383c-8e83-bafd73cde446): ??? ??? ????? ???
[00:22:20] DoShIk0_00 (80b365d9-399c-383c-8e83-bafd73cde446): ????
[00:22:30] DoShIk0_00 (80b365d9-399c-383c-8e83-bafd73cde446): ? ???
[00:22:36] DoShIk0_00 (80b365d9-399c-383c-8e83-bafd73cde446): ?? ????? ?????? ????????????
[00:22:39] DoShIk0_00 (80b365d9-399c-383c-8e83-bafd73cde446): ? ? ????????
[00:22:47] DoShIk0_00 (80b365d9-399c-383c-8e83-bafd73cde446): ???? 4 ???????? ?? ????????
[00:22:50] DoShIk0_00 (80b365d9-399c-383c-8e83-bafd73cde446): ???
[00:28:17] DoShIk0_00 (80b365d9-399c-383c-8e83-bafd73cde446): ? ???
[00:28:38] DoShIk0_00 (80b365d9-399c-383c-8e83-bafd73cde446): ???? ?????
[00:28:45] DoShIk0_00 (80b365d9-399c-383c-8e83-bafd73cde446): ??
[00:28:51] DoShIk0_00 (80b365d9-399c-383c-8e83-bafd73cde446): ? ???? ??????????? ?????????
[00:28:55] DoShIk0_00 (80b365d9-399c-383c-8e83-bafd73cde446): ? ??? ?????? ?? ?????
[00:30:55] DoShIk0_00 (80b365d9-399c-383c-8e83-bafd73cde446): ??? ???????
[00:31:14] DoShIk0_00 (80b365d9-399c-383c-8e83-bafd73cde446): ?????
[00:31:27] DoShIk0_00 (80b365d9-399c-383c-8e83-bafd73cde446): ???
[00:31:45] DoShIk0_00 (80b365d9-399c-383c-8e83-bafd73cde446): ? ?? ?????? ?????? ???????
[00:31:55] DoShIk0_00 (80b365d9-399c-383c-8e83-bafd73cde446): ? ???? ?????? ?????
[00:31:58] DoShIk0_00 (80b365d9-399c-383c-8e83-bafd73cde446): ? ?????? ?????????
[00:32:00] DoShIk0_00 (80b365d9-399c-383c-8e83-bafd73cde446): ?? ??? ????????
[00:32:20] DoShIk0_00 (80b365d9-399c-383c-8e83-bafd73cde446): ? ?? ???? ?????
[00:32:25] DoShIk0_00 (80b365d9-399c-383c-8e83-bafd73cde446): ?? ???????????
[00:32:26] DoShIk0_00 (80b365d9-399c-383c-8e83-bafd73cde446): ??? ??
[00:32:34] DoShIk0_00 (80b365d9-399c-383c-8e83-bafd73cde446): ????
[00:33:12] DoShIk0_00 (80b365d9-399c-383c-8e83-bafd73cde446): ????????
[00:33:26] DoShIk0_00 (80b365d9-399c-383c-8e83-bafd73cde446): ????
[00:33:33] DoShIk0_00 (80b365d9-399c-383c-8e83-bafd73cde446): ????? ?????? ? ???? ?????
[00:35:00] DoShIk0_00 (80b365d9-399c-383c-8e83-bafd73cde446): 5
[00:36:30] DoShIk0_00 (80b365d9-399c-383c-8e83-bafd73cde446): 'nj z
[00:36:54] DoShIk0_00 (80b365d9-399c-383c-8e83-bafd73cde446): ???
[00:36:57] DoShIk0_00 (80b365d9-399c-383c-8e83-bafd73cde446): ? ???? ????????
[00:37:39] DoShIk0_00 (80b365d9-399c-383c-8e83-bafd73cde446): ??
[00:38:01] DoShIk0_00 (80b365d9-399c-383c-8e83-bafd73cde446): ???????
[00:38:18] DoShIk0_00 (80b365d9-399c-383c-8e83-bafd73cde446): ????? ?? ????????
[00:38:40] DoShIk0_00 (80b365d9-399c-383c-8e83-bafd73cde446): ???? ?????? ??????
[00:38:48] DoShIk0_00 (80b365d9-399c-383c-8e83-bafd73cde446): ?????
[00:38:58] DoShIk0_00 (80b365d9-399c-383c-8e83-bafd73cde446): ? ?????
[00:39:01] DoShIk0_00 (80b365d9-399c-383c-8e83-bafd73cde446): ? ??
[00:39:07] DoShIk0_00 (80b365d9-399c-383c-8e83-bafd73cde446): ??
[00:39:14] DoShIk0_00 (80b365d9-399c-383c-8e83-bafd73cde446): ????
[00:39:15] DoShIk0_00 (80b365d9-399c-383c-8e83-bafd73cde446): ?????
[00:39:57] DoShIk0_00 (80b365d9-399c-383c-8e83-bafd73cde446): ???? ??????????
[00:40:37] DoShIk0_00 (80b365d9-399c-383c-8e83-bafd73cde446): ??? ???
[00:40:39] DoShIk0_00 (80b365d9-399c-383c-8e83-bafd73cde446): ?? ??? ???????
[00:40:51] DoShIk0_00 (80b365d9-399c-383c-8e83-bafd73cde446): ????? ?????
[00:40:54] DoShIk0_00 (80b365d9-399c-383c-8e83-bafd73cde446): ? ???
[00:41:04] DoShIk0_00 (80b365d9-399c-383c-8e83-bafd73cde446): ???
[00:42:51] DoShIk0_00 (80b365d9-399c-383c-8e83-bafd73cde446): ?????????
[00:43:14] DoShIk0_00 (80b365d9-399c-383c-8e83-bafd73cde446): ????
[00:43:25] DoShIk0_00 (80b365d9-399c-383c-8e83-bafd73cde446): ?? ???
[00:45:10] DoShIk0_00 (80b365d9-399c-383c-8e83-bafd73cde446): ??????
[00:45:16] DoShIk0_00 (80b365d9-399c-383c-8e83-bafd73cde446): ?????????
[00:45:37] DoShIk0_00 (80b365d9-399c-383c-8e83-bafd73cde446): ????
[00:45:40] DoShIk0_00 (80b365d9-399c-383c-8e83-bafd73cde446): ??? ???
[00:45:47] DoShIk0_00 (80b365d9-399c-383c-8e83-bafd73cde446): ???
[00:46:05] DoShIk0_00 (80b365d9-399c-383c-8e83-bafd73cde446): ????????????????????
[00:46:09] DoShIk0_00 (80b365d9-399c-383c-8e83-bafd73cde446): ??? ??? ?????? ????????
[00:46:12] DoShIk0_00 (80b365d9-399c-383c-8e83-bafd73cde446): ?? ??? ???? ???????
[00:46:13] DoShIk0_00 (80b365d9-399c-383c-8e83-bafd73cde446): ???????????
[00:46:24] DoShIk0_00 (80b365d9-399c-383c-8e83-bafd73cde446): ? ??? ???
[00:46:52] DoShIk0_00 (80b365d9-399c-383c-8e83-bafd73cde446): ?????
[00:47:03] DoShIk0_00 (80b365d9-399c-383c-8e83-bafd73cde446): ? ??? ???
[00:47:28] DoShIk0_00 (80b365d9-399c-383c-8e83-bafd73cde446): ???
[00:48:01] DoShIk0_00 (80b365d9-399c-383c-8e83-bafd73cde446): ??????
[00:48:43] DoShIk0_00 (80b365d9-399c-383c-8e83-bafd73cde446): ??? ??? ?? ????? ????????? ???
[00:48:49] DoShIk0_00 (80b365d9-399c-383c-8e83-bafd73cde446): ? ?????? ??????
[00:48:55] DoShIk0_00 (80b365d9-399c-383c-8e83-bafd73cde446): ????
[00:49:12] DoShIk0_00 (80b365d9-399c-383c-8e83-bafd73cde446): ?? ???
[00:49:24] DoShIk0_00 (80b365d9-399c-383c-8e83-bafd73cde446): ?? ???
[00:49:42] DoShIk0_00 (80b365d9-399c-383c-8e83-bafd73cde446): ?? ???
[00:50:19] DoShIk0_00 (80b365d9-399c-383c-8e83-bafd73cde446): ???????? ?????
[00:50:37] DoShIk0_00 (80b365d9-399c-383c-8e83-bafd73cde446): ? ?????
[00:51:11] DoShIk0_00 (80b365d9-399c-383c-8e83-bafd73cde446): ???
[00:52:52] DoShIk0_00 (80b365d9-399c-383c-8e83-bafd73cde446): ? ????? ?????
[00:53:01] DoShIk0_00 (80b365d9-399c-383c-8e83-bafd73cde446): ?????? ?????
